** nvm_addr_read(...) : pmode(DUAL)
(0x000000000000000a){ ch(00), lun(00), pl(0), blk(0010), pg(000), sec(0) }
** Read buffer:
** NVM_BUF_PR - BEGIN **
i[0,31]:  A B C D E F G H I J K L M N O P Q R S T U V W X Y Z A B C D E F
i[32,63]:  G H I J K L M N O P Q R S T U V W X Y Z A B C D E F G H I J K L
i[64,95]:  M N O P Q R S T U V W X Y Z A B C D E F G H I J K L M N O P Q R
i[96,127]:  S T U V W X Y Z A B C D E F G H I J K L M N O P Q R S T U V W X
i[128,159]:  Y Z A B C D E F G H I J K L M N O P Q R S T U V W X Y Z A B C D
i[160,191]:  E F G H I J K L M N O P Q R S T U V W X Y Z A B C D E F G H I J
i[192,223]:  K L M N O P Q R S T U V W X Y Z A B C D E F G H I J K L M N O P
i[224,255]:  Q R S T U V W X Y Z A B C D E F G H I J K L M N O P Q R S T U V
i[256,287]:  W X Y Z A B C D E F G H I J K L M N O P Q R S T U V W X Y Z A B
i[288,319]:  C D E F G H I J K L M N O P Q R S T U V W X Y Z A B C D E F G H
i[320,351]:  I J K L M N O P Q R S T U V W X Y Z A B C D E F G H I J K L M N
i[352,383]:  O P Q R S T U V W X Y Z A B C D E F G H I J K L M N O P Q R S T
i[384,415]:  U V W X Y Z A B C D E F G H I J K L M N O P Q R S T U V W X Y Z
i[416,447]:  A B C D E F G H I J K L M N O P Q R S T U V W X Y Z A B C D E F
i[448,479]:  G H I J K L M N O P Q R S T U V W X Y Z A B C D E F G H I J K L
i[480,511]:  M N O P Q R S T U V W X Y Z A B C D E F G H I J K L M N O P Q R
i[512,543]:  S T U V W X Y Z A B C D E F G H I J K L M N O P Q R S T U V W X
i[544,575]:  Y Z A B C D E F G H I J K L M N O P Q R S T U V W X Y Z A B C D
i[576,607]:  E F G H I J K L M N O P Q R S T U V W X Y Z A B C D E F G H I J
i[608,639]:  K L M N O P Q R S T U V W X Y Z A B C D E F G H I J K L M N O P
i[640,671]:  Q R S T U V W X Y Z A B C D E F G H I J K L M N O P Q R S T U V
i[672,703]:  W X Y Z A B C D E F G H I J K L M N O P Q R S T U V W X Y Z A B
i[704,735]:  C D E F G H I J K L M N O P Q R S T U V W X Y Z A B C D E F G H
i[736,767]:  I J K L M N O P Q R S T U V W X Y Z A B C D E F G H I J K L M N
i[768,799]:  O P Q R S T U V W X Y Z A B C D E F G H I J K L M N O P Q R S T
i[800,831]:  U V W X Y Z A B C D E F G H I J K L M N O P Q R S T U V W X Y Z
i[832,863]:  A B C D E F G H I J K L M N O P Q R S T U V W X Y Z A B C D E F
i[864,895]:  G H I J K L M N O P Q R S T U V W X Y Z A B C D E F G H I J K L
i[896,927]:  M N O P Q R S T U V W X Y Z A B C D E F G H I J K L M N O P Q R
i[928,959]:  S T U V W X Y Z A B C D E F G H I J K L M N O P Q R S T U V W X
i[960,991]:  Y Z A B C D E F G H I J K L M N O P Q R S T U V W X Y Z A B C D
i[992,1023]:  E F G H I J K L M N O P Q R S T U V W X Y Z A B C D E F G H I J
i[1024,1055]:  K L M N O P Q R S T U V W X Y Z A B C D E F G H I J K L M N O P
i[1056,1087]:  Q R S T U V W X Y Z A B C D E F G H I J K L M N O P Q R S T U V
i[1088,1119]:  W X Y Z A B C D E F G H I J K L M N O P Q R S T U V W X Y Z A B
i[1120,1151]:  C D E F G H I J K L M N O P Q R S T U V W X Y Z A B C D E F G H
i[1152,1183]:  I J K L M N O P Q R S T U V W X Y Z A B C D E F G H I J K L M N
i[1184,1215]:  O P Q R S T U V W X Y Z A B C D E F G H I J K L M N O P Q R S T
i[1216,1247]:  U V W X Y Z A B C D E F G H I J K L M N O P Q R S T U V W X Y Z
i[1248,1279]:  A B C D E F G H I J K L M N O P Q R S T U V W X Y Z A B C D E F
i[1280,1311]:  G H I J K L M N O P Q R S T U V W X Y Z A B C D E F G H I J K L
i[1312,1343]:  M N O P Q R S T U V W X Y Z A B C D E F G H I J K L M N O P Q R
i[1344,1375]:  S T U V W X Y Z A B C D E F G H I J K L M N O P Q R S T U V W X
i[1376,1407]:  Y Z A B C D E F G H I J K L M N O P Q R S T U V W X Y Z A B C D
i[1408,1439]:  E F G H I J K L M N O P Q R S T U V W X Y Z A B C D E F G H I J
i[1440,1471]:  K L M N O P Q R S T U V W X Y Z A B C D E F G H I J K L M N O P
i[1472,1503]:  Q R S T U V W X Y Z A B C D E F G H I J K L M N O P Q R S T U V
i[1504,1535]:  W X Y Z A B C D E F G H I J K L M N O P Q R S T U V W X Y Z A B
i[1536,1567]:  C D E F G H I J K L M N O P Q R S T U V W X Y Z A B C D E F G H
i[1568,1599]:  I J K L M N O P Q R S T U V W X Y Z A B C D E F G H I J K L M N
i[1600,1631]:  O P Q R S T U V W X Y Z A B C D E F G H I J K L M N O P Q R S T
i[1632,1663]:  U V W X Y Z A B C D E F G H I J K L M N O P Q R S T U V W X Y Z
i[1664,1695]:  A B C D E F G H I J K L M N O P Q R S T U V W X Y Z A B C D E F
i[1696,1727]:  G H I J K L M N O P Q R S T U V W X Y Z A B C D E F G H I J K L
i[1728,1759]:  M N O P Q R S T U V W X Y Z A B C D E F G H I J K L M N O P Q R
i[1760,1791]:  S T U V W X Y Z A B C D E F G H I J K L M N O P Q R S T U V W X
i[1792,1823]:  Y Z A B C D E F G H I J K L M N O P Q R S T U V W X Y Z A B C D
i[1824,1855]:  E F G H I J K L M N O P Q R S T U V W X Y Z A B C D E F G H I J
i[1856,1887]:  K L M N O P Q R S T U V W X Y Z A B C D E F G H I J K L M N O P
i[1888,1919]:  Q R S T U V W X Y Z A B C D E F G H I J K L M N O P Q R S T U V
i[1920,1951]:  W X Y Z A B C D E F G H I J K L M N O P Q R S T U V W X Y Z A B
i[1952,1983]:  C D E F G H I J K L M N O P Q R S T U V W X Y Z A B C D E F G H
i[1984,2015]:  I J K L M N O P Q R S T U V W X Y Z A B C D E F G H I J K L M N
i[2016,2047]:  O P Q R S T U V W X Y Z A B C D E F G H I J K L M N O P Q R S T
i[2048,2079]:  U V W X Y Z A B C D E F G H I J K L M N O P Q R S T U V W X Y Z
i[2080,2111]:  A B C D E F G H I J K L M N O P Q R S T U V W X Y Z A B C D E F
i[2112,2143]:  G H I J K L M N O P Q R S T U V W X Y Z A B C D E F G H I J K L
i[2144,2175]:  M N O P Q R S T U V W X Y Z A B C D E F G H I J K L M N O P Q R
i[2176,2207]:  S T U V W X Y Z A B C D E F G H I J K L M N O P Q R S T U V W X
i[2208,2239]:  Y Z A B C D E F G H I J K L M N O P Q R S T U V W X Y Z A B C D
i[2240,2271]:  E F G H I J K L M N O P Q R S T U V W X Y Z A B C D E F G H I J
i[2272,2303]:  K L M N O P Q R S T U V W X Y Z A B C D E F G H I J K L M N O P
i[2304,2335]:  Q R S T U V W X Y Z A B C D E F G H I J K L M N O P Q R S T U V
i[2336,2367]:  W X Y Z A B C D E F G H I J K L M N O P Q R S T U V W X Y Z A B
i[2368,2399]:  C D E F G H I J K L M N O P Q R S T U V W X Y Z A B C D E F G H
i[2400,2431]:  I J K L M N O P Q R S T U V W X Y Z A B C D E F G H I J K L M N
i[2432,2463]:  O P Q R S T U V W X Y Z A B C D E F G H I J K L M N O P Q R S T
i[2464,2495]:  U V W X Y Z A B C D E F G H I J K L M N O P Q R S T U V W X Y Z
i[2496,2527]:  A B C D E F G H I J K L M N O P Q R S T U V W X Y Z A B C D E F
i[2528,2559]:  G H I J K L M N O P Q R S T U V W X Y Z A B C D E F G H I J K L
i[2560,2591]:  M N O P Q R S T U V W X Y Z A B C D E F G H I J K L M N O P Q R
i[2592,2623]:  S T U V W X Y Z A B C D E F G H I J K L M N O P Q R S T U V W X
i[2624,2655]:  Y Z A B C D E F G H I J K L M N O P Q R S T U V W X Y Z A B C D
i[2656,2687]:  E F G H I J K L M N O P Q R S T U V W X Y Z A B C D E F G H I J
i[2688,2719]:  K L M N O P Q R S T U V W X Y Z A B C D E F G H I J K L M N O P
i[2720,2751]:  Q R S T U V W X Y Z A B C D E F G H I J K L M N O P Q R S T U V
i[2752,2783]:  W X Y Z A B C D E F G H I J K L M N O P Q R S T U V W X Y Z A B
i[2784,2815]:  C D E F G H I J K L M N O P Q R S T U V W X Y Z A B C D E F G H
i[2816,2847]:  I J K L M N O P Q R S T U V W X Y Z A B C D E F G H I J K L M N
i[2848,2879]:  O P Q R S T U V W X Y Z A B C D E F G H I J K L M N O P Q R S T
i[2880,2911]:  U V W X Y Z A B C D E F G H I J K L M N O P Q R S T U V W X Y Z
i[2912,2943]:  A B C D E F G H I J K L M N O P Q R S T U V W X Y Z A B C D E F
i[2944,2975]:  G H I J K L M N O P Q R S T U V W X Y Z A B C D E F G H I J K L
i[2976,3007]:  M N O P Q R S T U V W X Y Z A B C D E F G H I J K L M N O P Q R
i[3008,3039]:  S T U V W X Y Z A B C D E F G H I J K L M N O P Q R S T U V W X
i[3040,3071]:  Y Z A B C D E F G H I J K L M N O P Q R S T U V W X Y Z A B C D
i[3072,3103]:  E F G H I J K L M N O P Q R S T U V W X Y Z A B C D E F G H I J
i[3104,3135]:  K L M N O P Q R S T U V W X Y Z A B C D E F G H I J K L M N O P
i[3136,3167]:  Q R S T U V W X Y Z A B C D E F G H I J K L M N O P Q R S T U V
i[3168,3199]:  W X Y Z A B C D E F G H I J K L M N O P Q R S T U V W X Y Z A B
i[3200,3231]:  C D E F G H I J K L M N O P Q R S T U V W X Y Z A B C D E F G H
i[3232,3263]:  I J K L M N O P Q R S T U V W X Y Z A B C D E F G H I J K L M N
i[3264,3295]:  O P Q R S T U V W X Y Z A B C D E F G H I J K L M N O P Q R S T
i[3296,3327]:  U V W X Y Z A B C D E F G H I J K L M N O P Q R S T U V W X Y Z
i[3328,3359]:  A B C D E F G H I J K L M N O P Q R S T U V W X Y Z A B C D E F
i[3360,3391]:  G H I J K L M N O P Q R S T U V W X Y Z A B C D E F G H I J K L
i[3392,3423]:  M N O P Q R S T U V W X Y Z A B C D E F G H I J K L M N O P Q R
i[3424,3455]:  S T U V W X Y Z A B C D E F G H I J K L M N O P Q R S T U V W X
i[3456,3487]:  Y Z A B C D E F G H I J K L M N O P Q R S T U V W X Y Z A B C D
i[3488,3519]:  E F G H I J K L M N O P Q R S T U V W X Y Z A B C D E F G H I J
i[3520,3551]:  K L M N O P Q R S T U V W X Y Z A B C D E F G H I J K L M N O P
i[3552,3583]:  Q R S T U V W X Y Z A B C D E F G H I J K L M N O P Q R S T U V
i[3584,3615]:  W X Y Z A B C D E F G H I J K L M N O P Q R S T U V W X Y Z A B
i[3616,3647]:  C D E F G H I J K L M N O P Q R S T U V W X Y Z A B C D E F G H
i[3648,3679]:  I J K L M N O P Q R S T U V W X Y Z A B C D E F G H I J K L M N
i[3680,3711]:  O P Q R S T U V W X Y Z A B C D E F G H I J K L M N O P Q R S T
i[3712,3743]:  U V W X Y Z A B C D E F G H I J K L M N O P Q R S T U V W X Y Z
i[3744,3775]:  A B C D E F G H I J K L M N O P Q R S T U V W X Y Z A B C D E F
i[3776,3807]:  G H I J K L M N O P Q R S T U V W X Y Z A B C D E F G H I J K L
i[3808,3839]:  M N O P Q R S T U V W X Y Z A B C D E F G H I J K L M N O P Q R
i[3840,3871]:  S T U V W X Y Z A B C D E F G H I J K L M N O P Q R S T U V W X
i[3872,3903]:  Y Z A B C D E F G H I J K L M N O P Q R S T U V W X Y Z A B C D
i[3904,3935]:  E F G H I J K L M N O P Q R S T U V W X Y Z A B C D E F G H I J
i[3936,3967]:  K L M N O P Q R S T U V W X Y Z A B C D E F G H I J K L M N O P
i[3968,3999]:  Q R S T U V W X Y Z A B C D E F G H I J K L M N O P Q R S T U V
i[4000,4031]:  W X Y Z A B C D E F G H I J K L M N O P Q R S T U V W X Y Z A B
i[4032,4063]:  C D E F G H I J K L M N O P Q R S T U V W X Y Z A B C D E F G H
i[4064,4095]:  I J K L M N O P Q R S T U V W X Y Z A B C D E F G H I J K L M N
** NVM_BUF_PR - END **
