vblk:
  dev: {pmode: 'SNGL'}
  nblks: 1
  nmbytes: 24
  pos_write: 0
  pos_read: 0
  flags: 0x08c8
naddrs: 1
addrs:
  - {val: 0x0402008e00000000, pugrp: 04, punit: 02, chunk: 0142, sectr: 0000}
nvm_vblk_erase: {elapsed: 0.0050, mb: 24.00, mbsec: 4759.59}

vblk:
  dev: {pmode: 'SNGL'}
  nblks: 1
  nmbytes: 24
  pos_write: 0
  pos_read: 0
  flags: 0x08c8
naddrs: 1
addrs:
  - {val: 0x0402008e00000000, pugrp: 04, punit: 02, chunk: 0142, sectr: 0000}
nvm_buf_alloc: {elapsed: 0.000004}
nvm_buf_fill: {elapsed: 0.013511}
nvm_vblk_write: {elapsed: 0.8329, mb: 24.00, mbsec: 28.81}
