vblk:
  dev: {pmode: 'SNGL'}
  nblks: 32
  nmbytes: 768
  pos_write: 0
  pos_read: 0
naddrs: 32
addrs:
  - {val: 0x0000008e00000000, pugrp: 00, punit: 00, chunk: 0142, sectr: 0000}
  - {val: 0x0100008e00000000, pugrp: 01, punit: 00, chunk: 0142, sectr: 0000}
  - {val: 0x0200008e00000000, pugrp: 02, punit: 00, chunk: 0142, sectr: 0000}
  - {val: 0x0300008e00000000, pugrp: 03, punit: 00, chunk: 0142, sectr: 0000}
  - {val: 0x0400008e00000000, pugrp: 04, punit: 00, chunk: 0142, sectr: 0000}
  - {val: 0x0500008e00000000, pugrp: 05, punit: 00, chunk: 0142, sectr: 0000}
  - {val: 0x0600008e00000000, pugrp: 06, punit: 00, chunk: 0142, sectr: 0000}
  - {val: 0x0700008e00000000, pugrp: 07, punit: 00, chunk: 0142, sectr: 0000}
  - {val: 0x0001008e00000000, pugrp: 00, punit: 01, chunk: 0142, sectr: 0000}
  - {val: 0x0101008e00000000, pugrp: 01, punit: 01, chunk: 0142, sectr: 0000}
  - {val: 0x0201008e00000000, pugrp: 02, punit: 01, chunk: 0142, sectr: 0000}
  - {val: 0x0301008e00000000, pugrp: 03, punit: 01, chunk: 0142, sectr: 0000}
  - {val: 0x0401008e00000000, pugrp: 04, punit: 01, chunk: 0142, sectr: 0000}
  - {val: 0x0501008e00000000, pugrp: 05, punit: 01, chunk: 0142, sectr: 0000}
  - {val: 0x0601008e00000000, pugrp: 06, punit: 01, chunk: 0142, sectr: 0000}
  - {val: 0x0701008e00000000, pugrp: 07, punit: 01, chunk: 0142, sectr: 0000}
  - {val: 0x0002008e00000000, pugrp: 00, punit: 02, chunk: 0142, sectr: 0000}
  - {val: 0x0102008e00000000, pugrp: 01, punit: 02, chunk: 0142, sectr: 0000}
  - {val: 0x0202008e00000000, pugrp: 02, punit: 02, chunk: 0142, sectr: 0000}
  - {val: 0x0302008e00000000, pugrp: 03, punit: 02, chunk: 0142, sectr: 0000}
  - {val: 0x0402008e00000000, pugrp: 04, punit: 02, chunk: 0142, sectr: 0000}
  - {val: 0x0502008e00000000, pugrp: 05, punit: 02, chunk: 0142, sectr: 0000}
  - {val: 0x0602008e00000000, pugrp: 06, punit: 02, chunk: 0142, sectr: 0000}
  - {val: 0x0702008e00000000, pugrp: 07, punit: 02, chunk: 0142, sectr: 0000}
  - {val: 0x0003008e00000000, pugrp: 00, punit: 03, chunk: 0142, sectr: 0000}
  - {val: 0x0103008e00000000, pugrp: 01, punit: 03, chunk: 0142, sectr: 0000}
  - {val: 0x0203008e00000000, pugrp: 02, punit: 03, chunk: 0142, sectr: 0000}
  - {val: 0x0303008e00000000, pugrp: 03, punit: 03, chunk: 0142, sectr: 0000}
  - {val: 0x0403008e00000000, pugrp: 04, punit: 03, chunk: 0142, sectr: 0000}
  - {val: 0x0503008e00000000, pugrp: 05, punit: 03, chunk: 0142, sectr: 0000}
  - {val: 0x0603008e00000000, pugrp: 06, punit: 03, chunk: 0142, sectr: 0000}
  - {val: 0x0703008e00000000, pugrp: 07, punit: 03, chunk: 0142, sectr: 0000}
nvm_vblk_erase: {elapsed: 0.0052, mb: 768.00, mbsec: 148063.49}

vblk:
  dev: {pmode: 'SNGL'}
  nblks: 32
  nmbytes: 768
  pos_write: 0
  pos_read: 0
naddrs: 32
addrs:
  - {val: 0x0000008e00000000, pugrp: 00, punit: 00, chunk: 0142, sectr: 0000}
  - {val: 0x0100008e00000000, pugrp: 01, punit: 00, chunk: 0142, sectr: 0000}
  - {val: 0x0200008e00000000, pugrp: 02, punit: 00, chunk: 0142, sectr: 0000}
  - {val: 0x0300008e00000000, pugrp: 03, punit: 00, chunk: 0142, sectr: 0000}
  - {val: 0x0400008e00000000, pugrp: 04, punit: 00, chunk: 0142, sectr: 0000}
  - {val: 0x0500008e00000000, pugrp: 05, punit: 00, chunk: 0142, sectr: 0000}
  - {val: 0x0600008e00000000, pugrp: 06, punit: 00, chunk: 0142, sectr: 0000}
  - {val: 0x0700008e00000000, pugrp: 07, punit: 00, chunk: 0142, sectr: 0000}
  - {val: 0x0001008e00000000, pugrp: 00, punit: 01, chunk: 0142, sectr: 0000}
  - {val: 0x0101008e00000000, pugrp: 01, punit: 01, chunk: 0142, sectr: 0000}
  - {val: 0x0201008e00000000, pugrp: 02, punit: 01, chunk: 0142, sectr: 0000}
  - {val: 0x0301008e00000000, pugrp: 03, punit: 01, chunk: 0142, sectr: 0000}
  - {val: 0x0401008e00000000, pugrp: 04, punit: 01, chunk: 0142, sectr: 0000}
  - {val: 0x0501008e00000000, pugrp: 05, punit: 01, chunk: 0142, sectr: 0000}
  - {val: 0x0601008e00000000, pugrp: 06, punit: 01, chunk: 0142, sectr: 0000}
  - {val: 0x0701008e00000000, pugrp: 07, punit: 01, chunk: 0142, sectr: 0000}
  - {val: 0x0002008e00000000, pugrp: 00, punit: 02, chunk: 0142, sectr: 0000}
  - {val: 0x0102008e00000000, pugrp: 01, punit: 02, chunk: 0142, sectr: 0000}
  - {val: 0x0202008e00000000, pugrp: 02, punit: 02, chunk: 0142, sectr: 0000}
  - {val: 0x0302008e00000000, pugrp: 03, punit: 02, chunk: 0142, sectr: 0000}
  - {val: 0x0402008e00000000, pugrp: 04, punit: 02, chunk: 0142, sectr: 0000}
  - {val: 0x0502008e00000000, pugrp: 05, punit: 02, chunk: 0142, sectr: 0000}
  - {val: 0x0602008e00000000, pugrp: 06, punit: 02, chunk: 0142, sectr: 0000}
  - {val: 0x0702008e00000000, pugrp: 07, punit: 02, chunk: 0142, sectr: 0000}
  - {val: 0x0003008e00000000, pugrp: 00, punit: 03, chunk: 0142, sectr: 0000}
  - {val: 0x0103008e00000000, pugrp: 01, punit: 03, chunk: 0142, sectr: 0000}
  - {val: 0x0203008e00000000, pugrp: 02, punit: 03, chunk: 0142, sectr: 0000}
  - {val: 0x0303008e00000000, pugrp: 03, punit: 03, chunk: 0142, sectr: 0000}
  - {val: 0x0403008e00000000, pugrp: 04, punit: 03, chunk: 0142, sectr: 0000}
  - {val: 0x0503008e00000000, pugrp: 05, punit: 03, chunk: 0142, sectr: 0000}
  - {val: 0x0603008e00000000, pugrp: 06, punit: 03, chunk: 0142, sectr: 0000}
  - {val: 0x0703008e00000000, pugrp: 07, punit: 03, chunk: 0142, sectr: 0000}
nvm_buf_alloc: {elapsed: 0.000022}
nvm_buf_fill: {elapsed: 0.622275}
nvm_vblk_write: {elapsed: 0.8560, mb: 768.00, mbsec: 897.25}

vblk:
  dev: {pmode: 'SNGL'}
  nblks: 32
  nmbytes: 768
  pos_write: 0
  pos_read: 0
naddrs: 32
addrs:
  - {val: 0x0000008e00000000, pugrp: 00, punit: 00, chunk: 0142, sectr: 0000}
  - {val: 0x0100008e00000000, pugrp: 01, punit: 00, chunk: 0142, sectr: 0000}
  - {val: 0x0200008e00000000, pugrp: 02, punit: 00, chunk: 0142, sectr: 0000}
  - {val: 0x0300008e00000000, pugrp: 03, punit: 00, chunk: 0142, sectr: 0000}
  - {val: 0x0400008e00000000, pugrp: 04, punit: 00, chunk: 0142, sectr: 0000}
  - {val: 0x0500008e00000000, pugrp: 05, punit: 00, chunk: 0142, sectr: 0000}
  - {val: 0x0600008e00000000, pugrp: 06, punit: 00, chunk: 0142, sectr: 0000}
  - {val: 0x0700008e00000000, pugrp: 07, punit: 00, chunk: 0142, sectr: 0000}
  - {val: 0x0001008e00000000, pugrp: 00, punit: 01, chunk: 0142, sectr: 0000}
  - {val: 0x0101008e00000000, pugrp: 01, punit: 01, chunk: 0142, sectr: 0000}
  - {val: 0x0201008e00000000, pugrp: 02, punit: 01, chunk: 0142, sectr: 0000}
  - {val: 0x0301008e00000000, pugrp: 03, punit: 01, chunk: 0142, sectr: 0000}
  - {val: 0x0401008e00000000, pugrp: 04, punit: 01, chunk: 0142, sectr: 0000}
  - {val: 0x0501008e00000000, pugrp: 05, punit: 01, chunk: 0142, sectr: 0000}
  - {val: 0x0601008e00000000, pugrp: 06, punit: 01, chunk: 0142, sectr: 0000}
  - {val: 0x0701008e00000000, pugrp: 07, punit: 01, chunk: 0142, sectr: 0000}
  - {val: 0x0002008e00000000, pugrp: 00, punit: 02, chunk: 0142, sectr: 0000}
  - {val: 0x0102008e00000000, pugrp: 01, punit: 02, chunk: 0142, sectr: 0000}
  - {val: 0x0202008e00000000, pugrp: 02, punit: 02, chunk: 0142, sectr: 0000}
  - {val: 0x0302008e00000000, pugrp: 03, punit: 02, chunk: 0142, sectr: 0000}
  - {val: 0x0402008e00000000, pugrp: 04, punit: 02, chunk: 0142, sectr: 0000}
  - {val: 0x0502008e00000000, pugrp: 05, punit: 02, chunk: 0142, sectr: 0000}
  - {val: 0x0602008e00000000, pugrp: 06, punit: 02, chunk: 0142, sectr: 0000}
  - {val: 0x0702008e00000000, pugrp: 07, punit: 02, chunk: 0142, sectr: 0000}
  - {val: 0x0003008e00000000, pugrp: 00, punit: 03, chunk: 0142, sectr: 0000}
  - {val: 0x0103008e00000000, pugrp: 01, punit: 03, chunk: 0142, sectr: 0000}
  - {val: 0x0203008e00000000, pugrp: 02, punit: 03, chunk: 0142, sectr: 0000}
  - {val: 0x0303008e00000000, pugrp: 03, punit: 03, chunk: 0142, sectr: 0000}
  - {val: 0x0403008e00000000, pugrp: 04, punit: 03, chunk: 0142, sectr: 0000}
  - {val: 0x0503008e00000000, pugrp: 05, punit: 03, chunk: 0142, sectr: 0000}
  - {val: 0x0603008e00000000, pugrp: 06, punit: 03, chunk: 0142, sectr: 0000}
  - {val: 0x0703008e00000000, pugrp: 07, punit: 03, chunk: 0142, sectr: 0000}
nvm_buf_alloc: {elapsed: 0.000004}
nvm_buf_fill: {elapsed: 0.532617}
nvm_vblk_read: {elapsed: 0.3658, mb: 768.00, mbsec: 2099.59}
