vblk:
  dev: {pmode: 'SNGL'}
  nblks: 4
  nmbytes: 96
  pos_write: 0
  pos_read: 0
  flags: 0x08c8
naddrs: 4
addrs:
  - {val: 0x0000008e00000000, pugrp: 00, punit: 00, chunk: 0142, sectr: 0000}
  - {val: 0x0100008e00000000, pugrp: 01, punit: 00, chunk: 0142, sectr: 0000}
  - {val: 0x0200008e00000000, pugrp: 02, punit: 00, chunk: 0142, sectr: 0000}
  - {val: 0x0300008e00000000, pugrp: 03, punit: 00, chunk: 0142, sectr: 0000}
nvm_vblk_erase: {elapsed: 0.0051, mb: 96.00, mbsec: 18777.97}

vblk:
  dev: {pmode: 'SNGL'}
  nblks: 4
  nmbytes: 96
  pos_write: 0
  pos_read: 0
  flags: 0x08c8
naddrs: 4
addrs:
  - {val: 0x0000008e00000000, pugrp: 00, punit: 00, chunk: 0142, sectr: 0000}
  - {val: 0x0100008e00000000, pugrp: 01, punit: 00, chunk: 0142, sectr: 0000}
  - {val: 0x0200008e00000000, pugrp: 02, punit: 00, chunk: 0142, sectr: 0000}
  - {val: 0x0300008e00000000, pugrp: 03, punit: 00, chunk: 0142, sectr: 0000}
nvm_buf_alloc: {elapsed: 0.000018}
nvm_buf_fill: {elapsed: 0.084907}
nvm_vblk_write: {elapsed: 0.8687, mb: 96.00, mbsec: 110.51}

vblk:
  dev: {pmode: 'SNGL'}
  nblks: 4
  nmbytes: 96
  pos_write: 0
  pos_read: 0
  flags: 0x08c8
naddrs: 4
addrs:
  - {val: 0x0000008e00000000, pugrp: 00, punit: 00, chunk: 0142, sectr: 0000}
  - {val: 0x0100008e00000000, pugrp: 01, punit: 00, chunk: 0142, sectr: 0000}
  - {val: 0x0200008e00000000, pugrp: 02, punit: 00, chunk: 0142, sectr: 0000}
  - {val: 0x0300008e00000000, pugrp: 03, punit: 00, chunk: 0142, sectr: 0000}
nvm_buf_alloc: {elapsed: 0.000004}
nvm_buf_fill: {elapsed: 0.042715}
nvm_vblk_read: {elapsed: 0.1791, mb: 96.00, mbsec: 535.95}
