# nvm_bbt_get
bbt:
  addr: 0x0102000000000000: {ch: 01, lun: 02, pl: 0, blk: 0000, pg: 000, sec: 0}
  nblks: 2040
  npl_blks: 1020
  pl_blks:
    0000: [ FREE(0), FREE(0) ]
    0001: [ FREE(0), FREE(0) ]
    0002: [ FREE(0), FREE(0) ]
    0003: [ FREE(0), FREE(0) ]
    0004: [ GBAD(2), GBAD(2) ]
    0005: [ FREE(0), FREE(0) ]
    0006: [ FREE(0), FREE(0) ]
    0007: [ FREE(0), FREE(0) ]
    0008: [ FREE(0), FREE(0) ]
    0009: [ FREE(0), FREE(0) ]
    0010: [ FREE(0), FREE(0) ]
    0011: [ FREE(0), FREE(0) ]
    0012: [ FREE(0), FREE(0) ]
    0013: [ FREE(0), FREE(0) ]
    0014: [ FREE(0), FREE(0) ]
    0015: [ FREE(0), FREE(0) ]
    0016: [ FREE(0), FREE(0) ]
    0017: [ FREE(0), FREE(0) ]
    0018: [ FREE(0), FREE(0) ]
    0019: [ FREE(0), FREE(0) ]
    0020: [ FREE(0), FREE(0) ]
    0021: [ FREE(0), FREE(0) ]
    0022: [ FREE(0), FREE(0) ]
    0023: [ FREE(0), FREE(0) ]
    0024: [ FREE(0), FREE(0) ]
    0025: [ FREE(0), FREE(0) ]
    0026: [ FREE(0), FREE(0) ]
    0027: [ FREE(0), FREE(0) ]
    0028: [ FREE(0), FREE(0) ]
    0029: [ FREE(0), FREE(0) ]
    0030: [ FREE(0), FREE(0) ]
    0031: [ FREE(0), FREE(0) ]
    0032: [ FREE(0), FREE(0) ]
    0033: [ FREE(0), FREE(0) ]
    0034: [ FREE(0), FREE(0) ]
    0035: [ FREE(0), FREE(0) ]
    0036: [ FREE(0), FREE(0) ]
    0037: [ FREE(0), FREE(0) ]
    0038: [ FREE(0), FREE(0) ]
    0039: [ FREE(0), FREE(0) ]
    0040: [ FREE(0), FREE(0) ]
    0041: [  BAD(1),  BAD(1) ]
    0042: [ FREE(0), FREE(0) ]
    0043: [ FREE(0), FREE(0) ]
    0044: [ FREE(0), FREE(0) ]
    0045: [ FREE(0), FREE(0) ]
    0046: [ FREE(0), FREE(0) ]
    0047: [ FREE(0), FREE(0) ]
    0048: [ FREE(0), FREE(0) ]
    0049: [ FREE(0), FREE(0) ]
    0050: [ FREE(0), FREE(0) ]
    0051: [ FREE(0), FREE(0) ]
    0052: [ FREE(0), FREE(0) ]
    0053: [ FREE(0), FREE(0) ]
    0054: [ FREE(0), FREE(0) ]
    0055: [ FREE(0), FREE(0) ]
    0056: [ FREE(0), FREE(0) ]
    0057: [ FREE(0), FREE(0) ]
    0058: [ FREE(0), FREE(0) ]
    0059: [ FREE(0), FREE(0) ]
    0060: [ FREE(0), FREE(0) ]
    0061: [ FREE(0), FREE(0) ]
    0062: [ FREE(0), FREE(0) ]
    0063: [ FREE(0), FREE(0) ]
    0064: [ FREE(0), FREE(0) ]
    0065: [ FREE(0), FREE(0) ]
    0066: [ FREE(0), FREE(0) ]
    0067: [ FREE(0), FREE(0) ]
    0068: [ FREE(0), FREE(0) ]
    0069: [ FREE(0), FREE(0) ]
    0070: [ FREE(0), FREE(0) ]
    0071: [ FREE(0), FREE(0) ]
    0072: [ FREE(0), FREE(0) ]
    0073: [ FREE(0), FREE(0) ]
    0074: [ FREE(0), FREE(0) ]
    0075: [ FREE(0), FREE(0) ]
    0076: [ FREE(0), FREE(0) ]
    0077: [ FREE(0), FREE(0) ]
    0078: [ FREE(0), FREE(0) ]
    0079: [ FREE(0), FREE(0) ]
    0080: [ FREE(0), FREE(0) ]
    0081: [ FREE(0), FREE(0) ]
    0082: [ FREE(0), FREE(0) ]
    0083: [ FREE(0), FREE(0) ]
    0084: [ FREE(0), FREE(0) ]
    0085: [ FREE(0), FREE(0) ]
    0086: [ FREE(0), FREE(0) ]
    0087: [ FREE(0), FREE(0) ]
    0088: [ FREE(0), FREE(0) ]
    0089: [ FREE(0), FREE(0) ]
    0090: [ FREE(0), FREE(0) ]
    0091: [ FREE(0), FREE(0) ]
    0092: [ FREE(0), FREE(0) ]
    0093: [ FREE(0), FREE(0) ]
    0094: [ FREE(0), FREE(0) ]
    0095: [ FREE(0), FREE(0) ]
    0096: [ FREE(0), FREE(0) ]
    0097: [ FREE(0), FREE(0) ]
    0098: [ FREE(0), FREE(0) ]
    0099: [ FREE(0), FREE(0) ]
    0100: [ FREE(0), FREE(0) ]
    0101: [ FREE(0), FREE(0) ]
    0102: [ FREE(0), FREE(0) ]
    0103: [ FREE(0), FREE(0) ]
    0104: [ FREE(0), FREE(0) ]
    0105: [ FREE(0), FREE(0) ]
    0106: [ FREE(0), FREE(0) ]
    0107: [ FREE(0), FREE(0) ]
    0108: [ FREE(0), FREE(0) ]
    0109: [ FREE(0), FREE(0) ]
    0110: [ FREE(0), FREE(0) ]
    0111: [ FREE(0), FREE(0) ]
    0112: [ FREE(0), FREE(0) ]
    0113: [ FREE(0), FREE(0) ]
    0114: [ FREE(0), FREE(0) ]
    0115: [ FREE(0), FREE(0) ]
    0116: [ FREE(0), FREE(0) ]
    0117: [ FREE(0), FREE(0) ]
    0118: [ FREE(0), FREE(0) ]
    0119: [ FREE(0), FREE(0) ]
    0120: [ FREE(0), FREE(0) ]
    0121: [ FREE(0), FREE(0) ]
    0122: [ FREE(0), FREE(0) ]
    0123: [ FREE(0), FREE(0) ]
    0124: [ FREE(0), FREE(0) ]
    0125: [ FREE(0), FREE(0) ]
    0126: [ FREE(0), FREE(0) ]
    0127: [ FREE(0), FREE(0) ]
    0128: [ FREE(0), FREE(0) ]
    0129: [ FREE(0), FREE(0) ]
    0130: [ FREE(0), FREE(0) ]
    0131: [ FREE(0), FREE(0) ]
    0132: [ FREE(0), FREE(0) ]
    0133: [ FREE(0), FREE(0) ]
    0134: [ FREE(0), FREE(0) ]
    0135: [ FREE(0), FREE(0) ]
    0136: [ FREE(0), FREE(0) ]
    0137: [ FREE(0), FREE(0) ]
    0138: [ FREE(0), FREE(0) ]
    0139: [ FREE(0), FREE(0) ]
    0140: [ FREE(0), FREE(0) ]
    0141: [ FREE(0), FREE(0) ]
    0142: [ FREE(0), FREE(0) ]
    0143: [ FREE(0), FREE(0) ]
    0144: [ FREE(0), FREE(0) ]
    0145: [ FREE(0), FREE(0) ]
    0146: [ FREE(0), FREE(0) ]
    0147: [ FREE(0), FREE(0) ]
    0148: [ FREE(0), FREE(0) ]
    0149: [ FREE(0), FREE(0) ]
    0150: [ FREE(0), FREE(0) ]
    0151: [ FREE(0), FREE(0) ]
    0152: [ FREE(0), FREE(0) ]
    0153: [ FREE(0), FREE(0) ]
    0154: [ FREE(0), FREE(0) ]
    0155: [ FREE(0), FREE(0) ]
    0156: [ FREE(0), FREE(0) ]
    0157: [ FREE(0), FREE(0) ]
    0158: [ FREE(0), FREE(0) ]
    0159: [ FREE(0), FREE(0) ]
    0160: [ FREE(0), FREE(0) ]
    0161: [ FREE(0), FREE(0) ]
    0162: [ FREE(0), FREE(0) ]
    0163: [ FREE(0), FREE(0) ]
    0164: [ FREE(0), FREE(0) ]
    0165: [ FREE(0), FREE(0) ]
    0166: [ FREE(0), FREE(0) ]
    0167: [ FREE(0), FREE(0) ]
    0168: [ FREE(0), FREE(0) ]
    0169: [ FREE(0), FREE(0) ]
    0170: [ FREE(0), FREE(0) ]
    0171: [ FREE(0), FREE(0) ]
    0172: [ FREE(0), FREE(0) ]
    0173: [ FREE(0), FREE(0) ]
    0174: [ FREE(0), FREE(0) ]
    0175: [ FREE(0), FREE(0) ]
    0176: [ FREE(0), FREE(0) ]
    0177: [ FREE(0), FREE(0) ]
    0178: [ FREE(0), FREE(0) ]
    0179: [ FREE(0), FREE(0) ]
    0180: [ FREE(0), FREE(0) ]
    0181: [ FREE(0), FREE(0) ]
    0182: [ FREE(0), FREE(0) ]
    0183: [ FREE(0), FREE(0) ]
    0184: [ FREE(0), FREE(0) ]
    0185: [ FREE(0), FREE(0) ]
    0186: [ FREE(0), FREE(0) ]
    0187: [ FREE(0), FREE(0) ]
    0188: [ FREE(0), FREE(0) ]
    0189: [ FREE(0), FREE(0) ]
    0190: [ FREE(0), FREE(0) ]
    0191: [ FREE(0), FREE(0) ]
    0192: [ FREE(0), FREE(0) ]
    0193: [ FREE(0), FREE(0) ]
    0194: [ FREE(0), FREE(0) ]
    0195: [ FREE(0), FREE(0) ]
    0196: [ FREE(0), FREE(0) ]
    0197: [ FREE(0), FREE(0) ]
    0198: [ FREE(0), FREE(0) ]
    0199: [ FREE(0), FREE(0) ]
    0200: [ FREE(0), FREE(0) ]
    0201: [ FREE(0), FREE(0) ]
    0202: [ FREE(0), FREE(0) ]
    0203: [ FREE(0), FREE(0) ]
    0204: [ FREE(0), FREE(0) ]
    0205: [ FREE(0), FREE(0) ]
    0206: [ FREE(0), FREE(0) ]
    0207: [ FREE(0), FREE(0) ]
    0208: [ FREE(0), FREE(0) ]
    0209: [ FREE(0), FREE(0) ]
    0210: [ FREE(0), FREE(0) ]
    0211: [ FREE(0), FREE(0) ]
    0212: [ FREE(0), FREE(0) ]
    0213: [ FREE(0), FREE(0) ]
    0214: [ FREE(0), FREE(0) ]
    0215: [ FREE(0), FREE(0) ]
    0216: [ FREE(0), FREE(0) ]
    0217: [ FREE(0), FREE(0) ]
    0218: [ FREE(0), FREE(0) ]
    0219: [ FREE(0), FREE(0) ]
    0220: [ FREE(0), FREE(0) ]
    0221: [ FREE(0), FREE(0) ]
    0222: [ FREE(0), FREE(0) ]
    0223: [ FREE(0), FREE(0) ]
    0224: [ FREE(0), FREE(0) ]
    0225: [ FREE(0), FREE(0) ]
    0226: [ FREE(0), FREE(0) ]
    0227: [ FREE(0), FREE(0) ]
    0228: [ FREE(0), FREE(0) ]
    0229: [ FREE(0), FREE(0) ]
    0230: [ FREE(0), FREE(0) ]
    0231: [ FREE(0), FREE(0) ]
    0232: [ FREE(0), FREE(0) ]
    0233: [ FREE(0), FREE(0) ]
    0234: [ FREE(0), FREE(0) ]
    0235: [ FREE(0), FREE(0) ]
    0236: [ FREE(0), FREE(0) ]
    0237: [ FREE(0), FREE(0) ]
    0238: [ FREE(0), FREE(0) ]
    0239: [ FREE(0), FREE(0) ]
    0240: [ FREE(0), FREE(0) ]
    0241: [ FREE(0), FREE(0) ]
    0242: [ FREE(0), FREE(0) ]
    0243: [ FREE(0), FREE(0) ]
    0244: [ FREE(0), FREE(0) ]
    0245: [ FREE(0), FREE(0) ]
    0246: [ FREE(0), FREE(0) ]
    0247: [ FREE(0), FREE(0) ]
    0248: [ FREE(0), FREE(0) ]
    0249: [ FREE(0), FREE(0) ]
    0250: [ FREE(0), FREE(0) ]
    0251: [ FREE(0), FREE(0) ]
    0252: [ FREE(0), FREE(0) ]
    0253: [ FREE(0), FREE(0) ]
    0254: [ FREE(0), FREE(0) ]
    0255: [ FREE(0), FREE(0) ]
    0256: [ FREE(0), FREE(0) ]
    0257: [ FREE(0), FREE(0) ]
    0258: [ FREE(0), FREE(0) ]
    0259: [ FREE(0), FREE(0) ]
    0260: [ FREE(0), FREE(0) ]
    0261: [ FREE(0), FREE(0) ]
    0262: [ FREE(0), FREE(0) ]
    0263: [ FREE(0), FREE(0) ]
    0264: [ FREE(0), FREE(0) ]
    0265: [ FREE(0), FREE(0) ]
    0266: [ FREE(0), FREE(0) ]
    0267: [ FREE(0), FREE(0) ]
    0268: [ FREE(0), FREE(0) ]
    0269: [ FREE(0), FREE(0) ]
    0270: [ FREE(0), FREE(0) ]
    0271: [ FREE(0), FREE(0) ]
    0272: [ FREE(0), FREE(0) ]
    0273: [ FREE(0), FREE(0) ]
    0274: [ FREE(0), FREE(0) ]
    0275: [ FREE(0), FREE(0) ]
    0276: [ FREE(0), FREE(0) ]
    0277: [ FREE(0), FREE(0) ]
    0278: [ FREE(0), FREE(0) ]
    0279: [ FREE(0), FREE(0) ]
    0280: [ FREE(0), FREE(0) ]
    0281: [ FREE(0), FREE(0) ]
    0282: [ FREE(0), FREE(0) ]
    0283: [ FREE(0), FREE(0) ]
    0284: [ FREE(0), FREE(0) ]
    0285: [ FREE(0), FREE(0) ]
    0286: [ FREE(0), FREE(0) ]
    0287: [ FREE(0), FREE(0) ]
    0288: [ FREE(0), FREE(0) ]
    0289: [ FREE(0), FREE(0) ]
    0290: [ FREE(0), FREE(0) ]
    0291: [ FREE(0), FREE(0) ]
    0292: [ FREE(0), FREE(0) ]
    0293: [ FREE(0), FREE(0) ]
    0294: [ FREE(0), FREE(0) ]
    0295: [ FREE(0), FREE(0) ]
    0296: [ FREE(0), FREE(0) ]
    0297: [ FREE(0), FREE(0) ]
    0298: [ FREE(0), FREE(0) ]
    0299: [ FREE(0), FREE(0) ]
    0300: [ FREE(0), FREE(0) ]
    0301: [ FREE(0), FREE(0) ]
    0302: [ FREE(0), FREE(0) ]
    0303: [ FREE(0), FREE(0) ]
    0304: [ FREE(0), FREE(0) ]
    0305: [ FREE(0), FREE(0) ]
    0306: [ FREE(0), FREE(0) ]
    0307: [ FREE(0), FREE(0) ]
    0308: [ FREE(0), FREE(0) ]
    0309: [ FREE(0), FREE(0) ]
    0310: [ FREE(0), FREE(0) ]
    0311: [ FREE(0), FREE(0) ]
    0312: [ FREE(0), FREE(0) ]
    0313: [ FREE(0), FREE(0) ]
    0314: [ FREE(0), FREE(0) ]
    0315: [ FREE(0), FREE(0) ]
    0316: [ FREE(0), FREE(0) ]
    0317: [ FREE(0), FREE(0) ]
    0318: [ FREE(0), FREE(0) ]
    0319: [ FREE(0), FREE(0) ]
    0320: [ FREE(0), FREE(0) ]
    0321: [ FREE(0), FREE(0) ]
    0322: [ FREE(0), FREE(0) ]
    0323: [ FREE(0), FREE(0) ]
    0324: [ FREE(0), FREE(0) ]
    0325: [ FREE(0), FREE(0) ]
    0326: [ FREE(0), FREE(0) ]
    0327: [ FREE(0), FREE(0) ]
    0328: [ FREE(0), FREE(0) ]
    0329: [ FREE(0), FREE(0) ]
    0330: [ FREE(0), FREE(0) ]
    0331: [ FREE(0), FREE(0) ]
    0332: [ FREE(0), FREE(0) ]
    0333: [ FREE(0), FREE(0) ]
    0334: [ FREE(0), FREE(0) ]
    0335: [ FREE(0), FREE(0) ]
    0336: [ FREE(0), FREE(0) ]
    0337: [ FREE(0), FREE(0) ]
    0338: [ FREE(0), FREE(0) ]
    0339: [ FREE(0), FREE(0) ]
    0340: [ FREE(0), FREE(0) ]
    0341: [ FREE(0), FREE(0) ]
    0342: [ FREE(0), FREE(0) ]
    0343: [ FREE(0), FREE(0) ]
    0344: [ FREE(0), FREE(0) ]
    0345: [ FREE(0), FREE(0) ]
    0346: [ FREE(0), FREE(0) ]
    0347: [ FREE(0), FREE(0) ]
    0348: [ FREE(0), FREE(0) ]
    0349: [ FREE(0), FREE(0) ]
    0350: [ FREE(0), FREE(0) ]
    0351: [ FREE(0), FREE(0) ]
    0352: [ FREE(0), FREE(0) ]
    0353: [ FREE(0), FREE(0) ]
    0354: [ FREE(0), FREE(0) ]
    0355: [ FREE(0), FREE(0) ]
    0356: [ FREE(0), FREE(0) ]
    0357: [ FREE(0), FREE(0) ]
    0358: [ FREE(0), FREE(0) ]
    0359: [ FREE(0), FREE(0) ]
    0360: [ FREE(0), FREE(0) ]
    0361: [ FREE(0), FREE(0) ]
    0362: [ FREE(0), FREE(0) ]
    0363: [ FREE(0), FREE(0) ]
    0364: [ FREE(0), FREE(0) ]
    0365: [ FREE(0), FREE(0) ]
    0366: [ FREE(0), FREE(0) ]
    0367: [ FREE(0), FREE(0) ]
    0368: [ FREE(0), FREE(0) ]
    0369: [ FREE(0), FREE(0) ]
    0370: [ FREE(0), FREE(0) ]
    0371: [ FREE(0), FREE(0) ]
    0372: [ FREE(0), FREE(0) ]
    0373: [ FREE(0), FREE(0) ]
    0374: [ FREE(0), FREE(0) ]
    0375: [ FREE(0), FREE(0) ]
    0376: [ FREE(0), FREE(0) ]
    0377: [ FREE(0), FREE(0) ]
    0378: [ FREE(0), FREE(0) ]
    0379: [ FREE(0), FREE(0) ]
    0380: [ FREE(0), FREE(0) ]
    0381: [ FREE(0), FREE(0) ]
    0382: [ FREE(0), FREE(0) ]
    0383: [ FREE(0), FREE(0) ]
    0384: [ FREE(0), FREE(0) ]
    0385: [ FREE(0), FREE(0) ]
    0386: [ FREE(0), FREE(0) ]
    0387: [ FREE(0), FREE(0) ]
    0388: [ FREE(0), FREE(0) ]
    0389: [ FREE(0), FREE(0) ]
    0390: [ FREE(0), FREE(0) ]
    0391: [ FREE(0), FREE(0) ]
    0392: [ FREE(0), FREE(0) ]
    0393: [ FREE(0), FREE(0) ]
    0394: [ FREE(0), FREE(0) ]
    0395: [ FREE(0), FREE(0) ]
    0396: [ FREE(0), FREE(0) ]
    0397: [ FREE(0), FREE(0) ]
    0398: [ FREE(0), FREE(0) ]
    0399: [ FREE(0), FREE(0) ]
    0400: [ FREE(0), FREE(0) ]
    0401: [ FREE(0), FREE(0) ]
    0402: [ FREE(0), FREE(0) ]
    0403: [ FREE(0), FREE(0) ]
    0404: [ FREE(0), FREE(0) ]
    0405: [ FREE(0), FREE(0) ]
    0406: [ FREE(0), FREE(0) ]
    0407: [ FREE(0), FREE(0) ]
    0408: [ FREE(0), FREE(0) ]
    0409: [ FREE(0), FREE(0) ]
    0410: [ FREE(0), FREE(0) ]
    0411: [ FREE(0), FREE(0) ]
    0412: [ FREE(0), FREE(0) ]
    0413: [ FREE(0), FREE(0) ]
    0414: [ FREE(0), FREE(0) ]
    0415: [ FREE(0), FREE(0) ]
    0416: [ FREE(0), FREE(0) ]
    0417: [ FREE(0), FREE(0) ]
    0418: [ FREE(0), FREE(0) ]
    0419: [ FREE(0), FREE(0) ]
    0420: [ FREE(0), FREE(0) ]
    0421: [ FREE(0), FREE(0) ]
    0422: [ FREE(0), FREE(0) ]
    0423: [ FREE(0), FREE(0) ]
    0424: [ FREE(0), FREE(0) ]
    0425: [ FREE(0), FREE(0) ]
    0426: [ FREE(0), FREE(0) ]
    0427: [ FREE(0), FREE(0) ]
    0428: [ FREE(0), FREE(0) ]
    0429: [ FREE(0), FREE(0) ]
    0430: [ FREE(0), FREE(0) ]
    0431: [ FREE(0), FREE(0) ]
    0432: [ FREE(0), FREE(0) ]
    0433: [ FREE(0), FREE(0) ]
    0434: [ FREE(0), FREE(0) ]
    0435: [ FREE(0), FREE(0) ]
    0436: [ FREE(0), FREE(0) ]
    0437: [ FREE(0), FREE(0) ]
    0438: [ FREE(0), FREE(0) ]
    0439: [ FREE(0), FREE(0) ]
    0440: [ FREE(0), FREE(0) ]
    0441: [ FREE(0), FREE(0) ]
    0442: [ FREE(0), FREE(0) ]
    0443: [ FREE(0), FREE(0) ]
    0444: [ FREE(0), FREE(0) ]
    0445: [ FREE(0), FREE(0) ]
    0446: [ FREE(0), FREE(0) ]
    0447: [ FREE(0), FREE(0) ]
    0448: [ FREE(0), FREE(0) ]
    0449: [ FREE(0), FREE(0) ]
    0450: [ FREE(0), FREE(0) ]
    0451: [ FREE(0), FREE(0) ]
    0452: [ FREE(0), FREE(0) ]
    0453: [ FREE(0), FREE(0) ]
    0454: [ FREE(0), FREE(0) ]
    0455: [ FREE(0), FREE(0) ]
    0456: [ FREE(0), FREE(0) ]
    0457: [ FREE(0), FREE(0) ]
    0458: [ FREE(0), FREE(0) ]
    0459: [ FREE(0), FREE(0) ]
    0460: [ FREE(0), FREE(0) ]
    0461: [ FREE(0), FREE(0) ]
    0462: [ FREE(0), FREE(0) ]
    0463: [ FREE(0), FREE(0) ]
    0464: [ FREE(0), FREE(0) ]
    0465: [ FREE(0), FREE(0) ]
    0466: [ FREE(0), FREE(0) ]
    0467: [ FREE(0), FREE(0) ]
    0468: [ FREE(0), FREE(0) ]
    0469: [ FREE(0), FREE(0) ]
    0470: [ FREE(0), FREE(0) ]
    0471: [ FREE(0), FREE(0) ]
    0472: [ FREE(0), FREE(0) ]
    0473: [ FREE(0), FREE(0) ]
    0474: [ FREE(0), FREE(0) ]
    0475: [ FREE(0), FREE(0) ]
    0476: [ FREE(0), FREE(0) ]
    0477: [ FREE(0), FREE(0) ]
    0478: [ FREE(0), FREE(0) ]
    0479: [ FREE(0), FREE(0) ]
    0480: [ FREE(0), FREE(0) ]
    0481: [ FREE(0), FREE(0) ]
    0482: [ FREE(0), FREE(0) ]
    0483: [ FREE(0), FREE(0) ]
    0484: [ FREE(0), FREE(0) ]
    0485: [ FREE(0), FREE(0) ]
    0486: [ FREE(0), FREE(0) ]
    0487: [ FREE(0), FREE(0) ]
    0488: [ FREE(0), FREE(0) ]
    0489: [ FREE(0), FREE(0) ]
    0490: [ FREE(0), FREE(0) ]
    0491: [ FREE(0), FREE(0) ]
    0492: [ FREE(0), FREE(0) ]
    0493: [ FREE(0), FREE(0) ]
    0494: [ FREE(0), FREE(0) ]
    0495: [ FREE(0), FREE(0) ]
    0496: [ FREE(0), FREE(0) ]
    0497: [ FREE(0), FREE(0) ]
    0498: [ FREE(0), FREE(0) ]
    0499: [ FREE(0), FREE(0) ]
    0500: [ FREE(0), FREE(0) ]
    0501: [ FREE(0), FREE(0) ]
    0502: [ FREE(0), FREE(0) ]
    0503: [ FREE(0), FREE(0) ]
    0504: [ FREE(0), FREE(0) ]
    0505: [ FREE(0), FREE(0) ]
    0506: [ FREE(0), FREE(0) ]
    0507: [ FREE(0), FREE(0) ]
    0508: [ FREE(0), FREE(0) ]
    0509: [ FREE(0), FREE(0) ]
    0510: [ FREE(0), FREE(0) ]
    0511: [ FREE(0), FREE(0) ]
    0512: [ FREE(0), FREE(0) ]
    0513: [ FREE(0), FREE(0) ]
    0514: [ FREE(0), FREE(0) ]
    0515: [ FREE(0), FREE(0) ]
    0516: [ FREE(0), FREE(0) ]
    0517: [ FREE(0), FREE(0) ]
    0518: [ FREE(0), FREE(0) ]
    0519: [ FREE(0), FREE(0) ]
    0520: [ FREE(0), FREE(0) ]
    0521: [ FREE(0), FREE(0) ]
    0522: [ FREE(0), FREE(0) ]
    0523: [ FREE(0), FREE(0) ]
    0524: [ FREE(0), FREE(0) ]
    0525: [ FREE(0), FREE(0) ]
    0526: [ FREE(0), FREE(0) ]
    0527: [ FREE(0), FREE(0) ]
    0528: [ FREE(0), FREE(0) ]
    0529: [ FREE(0), FREE(0) ]
    0530: [ FREE(0), FREE(0) ]
    0531: [ FREE(0), FREE(0) ]
    0532: [ FREE(0), FREE(0) ]
    0533: [ FREE(0), FREE(0) ]
    0534: [ FREE(0), FREE(0) ]
    0535: [ FREE(0), FREE(0) ]
    0536: [ FREE(0), FREE(0) ]
    0537: [ FREE(0), FREE(0) ]
    0538: [ FREE(0), FREE(0) ]
    0539: [ FREE(0), FREE(0) ]
    0540: [ FREE(0), FREE(0) ]
    0541: [ FREE(0), FREE(0) ]
    0542: [ FREE(0), FREE(0) ]
    0543: [ FREE(0), FREE(0) ]
    0544: [ FREE(0), FREE(0) ]
    0545: [ FREE(0), FREE(0) ]
    0546: [ FREE(0), FREE(0) ]
    0547: [ FREE(0), FREE(0) ]
    0548: [ FREE(0), FREE(0) ]
    0549: [ FREE(0), FREE(0) ]
    0550: [ FREE(0), FREE(0) ]
    0551: [ FREE(0), FREE(0) ]
    0552: [ FREE(0), FREE(0) ]
    0553: [ FREE(0), FREE(0) ]
    0554: [ FREE(0), FREE(0) ]
    0555: [ FREE(0), FREE(0) ]
    0556: [ FREE(0), FREE(0) ]
    0557: [ FREE(0), FREE(0) ]
    0558: [ FREE(0), FREE(0) ]
    0559: [ FREE(0), FREE(0) ]
    0560: [ FREE(0), FREE(0) ]
    0561: [ FREE(0), FREE(0) ]
    0562: [ FREE(0), FREE(0) ]
    0563: [ FREE(0), FREE(0) ]
    0564: [ FREE(0), FREE(0) ]
    0565: [ FREE(0), FREE(0) ]
    0566: [ FREE(0), FREE(0) ]
    0567: [ FREE(0), FREE(0) ]
    0568: [ FREE(0), FREE(0) ]
    0569: [ FREE(0), FREE(0) ]
    0570: [ FREE(0), FREE(0) ]
    0571: [ FREE(0), FREE(0) ]
    0572: [ FREE(0), FREE(0) ]
    0573: [ FREE(0), FREE(0) ]
    0574: [ FREE(0), FREE(0) ]
    0575: [ FREE(0), FREE(0) ]
    0576: [ FREE(0), FREE(0) ]
    0577: [ FREE(0), FREE(0) ]
    0578: [ FREE(0), FREE(0) ]
    0579: [ FREE(0), FREE(0) ]
    0580: [ FREE(0), FREE(0) ]
    0581: [ FREE(0), FREE(0) ]
    0582: [ FREE(0), FREE(0) ]
    0583: [ FREE(0), FREE(0) ]
    0584: [ FREE(0), FREE(0) ]
    0585: [ FREE(0), FREE(0) ]
    0586: [ FREE(0), FREE(0) ]
    0587: [ FREE(0), FREE(0) ]
    0588: [ FREE(0), FREE(0) ]
    0589: [ FREE(0), FREE(0) ]
    0590: [ FREE(0), FREE(0) ]
    0591: [ FREE(0), FREE(0) ]
    0592: [ FREE(0), FREE(0) ]
    0593: [ FREE(0), FREE(0) ]
    0594: [ FREE(0), FREE(0) ]
    0595: [ FREE(0), FREE(0) ]
    0596: [ FREE(0), FREE(0) ]
    0597: [ FREE(0), FREE(0) ]
    0598: [ FREE(0), FREE(0) ]
    0599: [ FREE(0), FREE(0) ]
    0600: [ FREE(0), FREE(0) ]
    0601: [ FREE(0), FREE(0) ]
    0602: [ FREE(0), FREE(0) ]
    0603: [ FREE(0), FREE(0) ]
    0604: [ FREE(0), FREE(0) ]
    0605: [ FREE(0), FREE(0) ]
    0606: [ FREE(0), FREE(0) ]
    0607: [ FREE(0), FREE(0) ]
    0608: [ FREE(0), FREE(0) ]
    0609: [ FREE(0), FREE(0) ]
    0610: [ FREE(0), FREE(0) ]
    0611: [ FREE(0), FREE(0) ]
    0612: [ FREE(0), FREE(0) ]
    0613: [ FREE(0), FREE(0) ]
    0614: [ FREE(0), FREE(0) ]
    0615: [ FREE(0), FREE(0) ]
    0616: [ FREE(0), FREE(0) ]
    0617: [ FREE(0), FREE(0) ]
    0618: [ FREE(0), FREE(0) ]
    0619: [ FREE(0), FREE(0) ]
    0620: [ FREE(0), FREE(0) ]
    0621: [ FREE(0), FREE(0) ]
    0622: [ FREE(0), FREE(0) ]
    0623: [ FREE(0), FREE(0) ]
    0624: [ FREE(0), FREE(0) ]
    0625: [ FREE(0), FREE(0) ]
    0626: [ FREE(0), FREE(0) ]
    0627: [ FREE(0), FREE(0) ]
    0628: [ FREE(0), FREE(0) ]
    0629: [ FREE(0), FREE(0) ]
    0630: [ FREE(0), FREE(0) ]
    0631: [ FREE(0), FREE(0) ]
    0632: [ FREE(0), FREE(0) ]
    0633: [ FREE(0), FREE(0) ]
    0634: [ FREE(0), FREE(0) ]
    0635: [ FREE(0), FREE(0) ]
    0636: [ FREE(0), FREE(0) ]
    0637: [ FREE(0), FREE(0) ]
    0638: [ FREE(0), FREE(0) ]
    0639: [ FREE(0), FREE(0) ]
    0640: [ FREE(0), FREE(0) ]
    0641: [ FREE(0), FREE(0) ]
    0642: [ FREE(0), FREE(0) ]
    0643: [ FREE(0), FREE(0) ]
    0644: [ FREE(0), FREE(0) ]
    0645: [ FREE(0), FREE(0) ]
    0646: [ FREE(0), FREE(0) ]
    0647: [ FREE(0), FREE(0) ]
    0648: [ FREE(0), FREE(0) ]
    0649: [ FREE(0), FREE(0) ]
    0650: [ FREE(0), FREE(0) ]
    0651: [ FREE(0), FREE(0) ]
    0652: [ FREE(0), FREE(0) ]
    0653: [ FREE(0), FREE(0) ]
    0654: [ FREE(0), FREE(0) ]
    0655: [ FREE(0), FREE(0) ]
    0656: [ FREE(0), FREE(0) ]
    0657: [ FREE(0), FREE(0) ]
    0658: [ FREE(0), FREE(0) ]
    0659: [ FREE(0), FREE(0) ]
    0660: [ FREE(0), FREE(0) ]
    0661: [ FREE(0), FREE(0) ]
    0662: [ FREE(0), FREE(0) ]
    0663: [ FREE(0), FREE(0) ]
    0664: [ FREE(0), FREE(0) ]
    0665: [ FREE(0), FREE(0) ]
    0666: [ FREE(0), FREE(0) ]
    0667: [ FREE(0), FREE(0) ]
    0668: [ FREE(0), FREE(0) ]
    0669: [ FREE(0), FREE(0) ]
    0670: [ FREE(0), FREE(0) ]
    0671: [ FREE(0), FREE(0) ]
    0672: [ FREE(0), FREE(0) ]
    0673: [ FREE(0), FREE(0) ]
    0674: [ FREE(0), FREE(0) ]
    0675: [ FREE(0), FREE(0) ]
    0676: [ FREE(0), FREE(0) ]
    0677: [ FREE(0), FREE(0) ]
    0678: [ FREE(0), FREE(0) ]
    0679: [ FREE(0), FREE(0) ]
    0680: [ FREE(0), FREE(0) ]
    0681: [ FREE(0), FREE(0) ]
    0682: [ FREE(0), FREE(0) ]
    0683: [ FREE(0), FREE(0) ]
    0684: [ FREE(0), FREE(0) ]
    0685: [ FREE(0), FREE(0) ]
    0686: [ FREE(0), FREE(0) ]
    0687: [ FREE(0), FREE(0) ]
    0688: [ FREE(0), FREE(0) ]
    0689: [ FREE(0), FREE(0) ]
    0690: [ FREE(0), FREE(0) ]
    0691: [ FREE(0), FREE(0) ]
    0692: [ FREE(0), FREE(0) ]
    0693: [ FREE(0), FREE(0) ]
    0694: [ FREE(0), FREE(0) ]
    0695: [ FREE(0), FREE(0) ]
    0696: [ FREE(0), FREE(0) ]
    0697: [ FREE(0), FREE(0) ]
    0698: [ FREE(0), FREE(0) ]
    0699: [ FREE(0), FREE(0) ]
    0700: [ FREE(0), FREE(0) ]
    0701: [ FREE(0), FREE(0) ]
    0702: [ FREE(0), FREE(0) ]
    0703: [ FREE(0), FREE(0) ]
    0704: [ FREE(0), FREE(0) ]
    0705: [ FREE(0), FREE(0) ]
    0706: [ FREE(0), FREE(0) ]
    0707: [ FREE(0), FREE(0) ]
    0708: [ FREE(0), FREE(0) ]
    0709: [ FREE(0), FREE(0) ]
    0710: [ FREE(0), FREE(0) ]
    0711: [ FREE(0), FREE(0) ]
    0712: [ FREE(0), FREE(0) ]
    0713: [ FREE(0), FREE(0) ]
    0714: [ FREE(0), FREE(0) ]
    0715: [ FREE(0), FREE(0) ]
    0716: [ FREE(0), FREE(0) ]
    0717: [ FREE(0), FREE(0) ]
    0718: [ FREE(0), FREE(0) ]
    0719: [ FREE(0), FREE(0) ]
    0720: [ FREE(0), FREE(0) ]
    0721: [ FREE(0), FREE(0) ]
    0722: [ FREE(0), FREE(0) ]
    0723: [ FREE(0), FREE(0) ]
    0724: [ FREE(0), FREE(0) ]
    0725: [ FREE(0), FREE(0) ]
    0726: [ FREE(0), FREE(0) ]
    0727: [ FREE(0), FREE(0) ]
    0728: [ FREE(0), FREE(0) ]
    0729: [ FREE(0), FREE(0) ]
    0730: [ FREE(0), FREE(0) ]
    0731: [ FREE(0), FREE(0) ]
    0732: [ FREE(0), FREE(0) ]
    0733: [ FREE(0), FREE(0) ]
    0734: [ FREE(0), FREE(0) ]
    0735: [ FREE(0), FREE(0) ]
    0736: [ FREE(0), FREE(0) ]
    0737: [ FREE(0), FREE(0) ]
    0738: [ FREE(0), FREE(0) ]
    0739: [ FREE(0), FREE(0) ]
    0740: [ FREE(0), FREE(0) ]
    0741: [ FREE(0), FREE(0) ]
    0742: [ FREE(0), FREE(0) ]
    0743: [ FREE(0), FREE(0) ]
    0744: [ FREE(0), FREE(0) ]
    0745: [ FREE(0), FREE(0) ]
    0746: [ FREE(0), FREE(0) ]
    0747: [ FREE(0), FREE(0) ]
    0748: [ FREE(0), FREE(0) ]
    0749: [ FREE(0), FREE(0) ]
    0750: [ FREE(0), FREE(0) ]
    0751: [ FREE(0), FREE(0) ]
    0752: [ FREE(0), FREE(0) ]
    0753: [ FREE(0), FREE(0) ]
    0754: [ FREE(0), FREE(0) ]
    0755: [ FREE(0), FREE(0) ]
    0756: [ FREE(0), FREE(0) ]
    0757: [ FREE(0), FREE(0) ]
    0758: [ FREE(0), FREE(0) ]
    0759: [ FREE(0), FREE(0) ]
    0760: [ FREE(0), FREE(0) ]
    0761: [ FREE(0), FREE(0) ]
    0762: [ FREE(0), FREE(0) ]
    0763: [ FREE(0), FREE(0) ]
    0764: [ FREE(0), FREE(0) ]
    0765: [ FREE(0), FREE(0) ]
    0766: [ FREE(0), FREE(0) ]
    0767: [ FREE(0), FREE(0) ]
    0768: [ FREE(0), FREE(0) ]
    0769: [ FREE(0), FREE(0) ]
    0770: [ FREE(0), FREE(0) ]
    0771: [ FREE(0), FREE(0) ]
    0772: [ FREE(0), FREE(0) ]
    0773: [ FREE(0), FREE(0) ]
    0774: [ FREE(0), FREE(0) ]
    0775: [ FREE(0), FREE(0) ]
    0776: [ FREE(0), FREE(0) ]
    0777: [ FREE(0), FREE(0) ]
    0778: [ FREE(0), FREE(0) ]
    0779: [ FREE(0), FREE(0) ]
    0780: [ FREE(0), FREE(0) ]
    0781: [ FREE(0), FREE(0) ]
    0782: [ FREE(0), FREE(0) ]
    0783: [ FREE(0), FREE(0) ]
    0784: [ FREE(0), FREE(0) ]
    0785: [ FREE(0), FREE(0) ]
    0786: [ FREE(0), FREE(0) ]
    0787: [ FREE(0), FREE(0) ]
    0788: [ FREE(0), FREE(0) ]
    0789: [ FREE(0), FREE(0) ]
    0790: [ FREE(0), FREE(0) ]
    0791: [ FREE(0), FREE(0) ]
    0792: [ FREE(0), FREE(0) ]
    0793: [ FREE(0), FREE(0) ]
    0794: [ FREE(0), FREE(0) ]
    0795: [ FREE(0), FREE(0) ]
    0796: [ FREE(0), FREE(0) ]
    0797: [ FREE(0), FREE(0) ]
    0798: [ FREE(0), FREE(0) ]
    0799: [ FREE(0), FREE(0) ]
    0800: [ FREE(0), FREE(0) ]
    0801: [ FREE(0), FREE(0) ]
    0802: [ FREE(0), FREE(0) ]
    0803: [ FREE(0), FREE(0) ]
    0804: [ FREE(0), FREE(0) ]
    0805: [ FREE(0), FREE(0) ]
    0806: [ FREE(0), FREE(0) ]
    0807: [ FREE(0), FREE(0) ]
    0808: [ FREE(0), FREE(0) ]
    0809: [ FREE(0), FREE(0) ]
    0810: [ FREE(0), FREE(0) ]
    0811: [ FREE(0), FREE(0) ]
    0812: [ FREE(0), FREE(0) ]
    0813: [ FREE(0), FREE(0) ]
    0814: [ FREE(0), FREE(0) ]
    0815: [ FREE(0), FREE(0) ]
    0816: [ FREE(0), FREE(0) ]
    0817: [ FREE(0), FREE(0) ]
    0818: [ FREE(0), FREE(0) ]
    0819: [ FREE(0), FREE(0) ]
    0820: [ FREE(0), FREE(0) ]
    0821: [ FREE(0), FREE(0) ]
    0822: [ FREE(0), FREE(0) ]
    0823: [ FREE(0), FREE(0) ]
    0824: [ FREE(0), FREE(0) ]
    0825: [ FREE(0), FREE(0) ]
    0826: [ FREE(0), FREE(0) ]
    0827: [ FREE(0), FREE(0) ]
    0828: [ FREE(0), FREE(0) ]
    0829: [ FREE(0), FREE(0) ]
    0830: [ FREE(0), FREE(0) ]
    0831: [ FREE(0), FREE(0) ]
    0832: [ FREE(0), FREE(0) ]
    0833: [ FREE(0), FREE(0) ]
    0834: [ FREE(0), FREE(0) ]
    0835: [ FREE(0), FREE(0) ]
    0836: [ FREE(0), FREE(0) ]
    0837: [ FREE(0), FREE(0) ]
    0838: [ FREE(0), FREE(0) ]
    0839: [ FREE(0), FREE(0) ]
    0840: [ FREE(0), FREE(0) ]
    0841: [ FREE(0), FREE(0) ]
    0842: [ FREE(0), FREE(0) ]
    0843: [ FREE(0), FREE(0) ]
    0844: [ FREE(0), FREE(0) ]
    0845: [ FREE(0), FREE(0) ]
    0846: [ FREE(0), FREE(0) ]
    0847: [ FREE(0), FREE(0) ]
    0848: [ FREE(0), FREE(0) ]
    0849: [ FREE(0), FREE(0) ]
    0850: [ FREE(0), FREE(0) ]
    0851: [ FREE(0), FREE(0) ]
    0852: [ FREE(0), FREE(0) ]
    0853: [ FREE(0), FREE(0) ]
    0854: [ FREE(0), FREE(0) ]
    0855: [ FREE(0), FREE(0) ]
    0856: [ FREE(0), FREE(0) ]
    0857: [ FREE(0), FREE(0) ]
    0858: [ FREE(0), FREE(0) ]
    0859: [ FREE(0), FREE(0) ]
    0860: [ FREE(0), FREE(0) ]
    0861: [ FREE(0), FREE(0) ]
    0862: [ FREE(0), FREE(0) ]
    0863: [ FREE(0), FREE(0) ]
    0864: [ FREE(0), FREE(0) ]
    0865: [ FREE(0), FREE(0) ]
    0866: [ FREE(0), FREE(0) ]
    0867: [ FREE(0), FREE(0) ]
    0868: [ FREE(0), FREE(0) ]
    0869: [ FREE(0), FREE(0) ]
    0870: [ FREE(0), FREE(0) ]
    0871: [ FREE(0), FREE(0) ]
    0872: [ FREE(0), FREE(0) ]
    0873: [ FREE(0), FREE(0) ]
    0874: [ FREE(0), FREE(0) ]
    0875: [ FREE(0), FREE(0) ]
    0876: [ FREE(0), FREE(0) ]
    0877: [ FREE(0), FREE(0) ]
    0878: [ FREE(0), FREE(0) ]
    0879: [ FREE(0), FREE(0) ]
    0880: [ FREE(0), FREE(0) ]
    0881: [ FREE(0), FREE(0) ]
    0882: [ FREE(0), FREE(0) ]
    0883: [ FREE(0), FREE(0) ]
    0884: [ FREE(0), FREE(0) ]
    0885: [ FREE(0), FREE(0) ]
    0886: [ FREE(0), FREE(0) ]
    0887: [ FREE(0), FREE(0) ]
    0888: [ FREE(0), FREE(0) ]
    0889: [ FREE(0), FREE(0) ]
    0890: [ FREE(0), FREE(0) ]
    0891: [ FREE(0), FREE(0) ]
    0892: [ FREE(0), FREE(0) ]
    0893: [ FREE(0), FREE(0) ]
    0894: [ FREE(0), FREE(0) ]
    0895: [ FREE(0), FREE(0) ]
    0896: [ FREE(0), FREE(0) ]
    0897: [ FREE(0), FREE(0) ]
    0898: [ FREE(0), FREE(0) ]
    0899: [ FREE(0), FREE(0) ]
    0900: [ FREE(0), FREE(0) ]
    0901: [ FREE(0), FREE(0) ]
    0902: [ FREE(0), FREE(0) ]
    0903: [ FREE(0), FREE(0) ]
    0904: [ FREE(0), FREE(0) ]
    0905: [ FREE(0), FREE(0) ]
    0906: [ FREE(0), FREE(0) ]
    0907: [ FREE(0), FREE(0) ]
    0908: [ FREE(0), FREE(0) ]
    0909: [ FREE(0), FREE(0) ]
    0910: [ FREE(0), FREE(0) ]
    0911: [ FREE(0), FREE(0) ]
    0912: [ FREE(0), FREE(0) ]
    0913: [ FREE(0), FREE(0) ]
    0914: [ FREE(0), FREE(0) ]
    0915: [ FREE(0), FREE(0) ]
    0916: [ FREE(0), FREE(0) ]
    0917: [ FREE(0), FREE(0) ]
    0918: [ FREE(0), FREE(0) ]
    0919: [ FREE(0), FREE(0) ]
    0920: [ FREE(0), FREE(0) ]
    0921: [ FREE(0), FREE(0) ]
    0922: [ FREE(0), FREE(0) ]
    0923: [ FREE(0), FREE(0) ]
    0924: [ FREE(0), FREE(0) ]
    0925: [ FREE(0), FREE(0) ]
    0926: [ FREE(0), FREE(0) ]
    0927: [ FREE(0), FREE(0) ]
    0928: [ FREE(0), FREE(0) ]
    0929: [ FREE(0), FREE(0) ]
    0930: [ FREE(0), FREE(0) ]
    0931: [ FREE(0), FREE(0) ]
    0932: [ FREE(0), FREE(0) ]
    0933: [ FREE(0), FREE(0) ]
    0934: [ FREE(0), FREE(0) ]
    0935: [ FREE(0), FREE(0) ]
    0936: [ FREE(0), FREE(0) ]
    0937: [ FREE(0), FREE(0) ]
    0938: [ FREE(0), FREE(0) ]
    0939: [ FREE(0), FREE(0) ]
    0940: [ FREE(0), FREE(0) ]
    0941: [ FREE(0), FREE(0) ]
    0942: [ FREE(0), FREE(0) ]
    0943: [ FREE(0), FREE(0) ]
    0944: [ FREE(0), FREE(0) ]
    0945: [ FREE(0), FREE(0) ]
    0946: [ FREE(0), FREE(0) ]
    0947: [ FREE(0), FREE(0) ]
    0948: [ FREE(0), FREE(0) ]
    0949: [ FREE(0), FREE(0) ]
    0950: [ FREE(0), FREE(0) ]
    0951: [ FREE(0), FREE(0) ]
    0952: [ FREE(0), FREE(0) ]
    0953: [ FREE(0), FREE(0) ]
    0954: [ FREE(0), FREE(0) ]
    0955: [ FREE(0), FREE(0) ]
    0956: [ FREE(0), FREE(0) ]
    0957: [ FREE(0), FREE(0) ]
    0958: [ FREE(0), FREE(0) ]
    0959: [ FREE(0), FREE(0) ]
    0960: [ FREE(0), FREE(0) ]
    0961: [ FREE(0), FREE(0) ]
    0962: [ FREE(0), FREE(0) ]
    0963: [ FREE(0), FREE(0) ]
    0964: [ FREE(0), FREE(0) ]
    0965: [ FREE(0), FREE(0) ]
    0966: [ FREE(0), FREE(0) ]
    0967: [ FREE(0), FREE(0) ]
    0968: [ FREE(0), FREE(0) ]
    0969: [ FREE(0), FREE(0) ]
    0970: [ FREE(0), FREE(0) ]
    0971: [ FREE(0), FREE(0) ]
    0972: [ FREE(0), FREE(0) ]
    0973: [ FREE(0), FREE(0) ]
    0974: [ FREE(0), FREE(0) ]
    0975: [ FREE(0), FREE(0) ]
    0976: [ FREE(0), FREE(0) ]
    0977: [ FREE(0), FREE(0) ]
    0978: [ FREE(0), FREE(0) ]
    0979: [ FREE(0), FREE(0) ]
    0980: [ FREE(0), FREE(0) ]
    0981: [ FREE(0), FREE(0) ]
    0982: [ FREE(0), FREE(0) ]
    0983: [ FREE(0), FREE(0) ]
    0984: [ FREE(0), FREE(0) ]
    0985: [ FREE(0), FREE(0) ]
    0986: [ FREE(0), FREE(0) ]
    0987: [ FREE(0), FREE(0) ]
    0988: [ FREE(0), FREE(0) ]
    0989: [ FREE(0), FREE(0) ]
    0990: [ FREE(0), FREE(0) ]
    0991: [ FREE(0), FREE(0) ]
    0992: [ FREE(0), FREE(0) ]
    0993: [ FREE(0), FREE(0) ]
    0994: [ FREE(0), FREE(0) ]
    0995: [ FREE(0), FREE(0) ]
    0996: [ FREE(0), FREE(0) ]
    0997: [ FREE(0), FREE(0) ]
    0998: [ FREE(0), FREE(0) ]
    0999: [ FREE(0), FREE(0) ]
    1000: [ FREE(0), FREE(0) ]
    1001: [ FREE(0), FREE(0) ]
    1002: [ FREE(0), FREE(0) ]
    1003: [ FREE(0), FREE(0) ]
    1004: [ FREE(0), FREE(0) ]
    1005: [ FREE(0), FREE(0) ]
    1006: [ FREE(0), FREE(0) ]
    1007: [ FREE(0), FREE(0) ]
    1008: [ FREE(0), FREE(0) ]
    1009: [ FREE(0), FREE(0) ]
    1010: [ FREE(0), FREE(0) ]
    1011: [ FREE(0), FREE(0) ]
    1012: [ FREE(0), FREE(0) ]
    1013: [ FREE(0), FREE(0) ]
    1014: [ FREE(0), FREE(0) ]
    1015: [ FREE(0), FREE(0) ]
    1016: [ FREE(0), FREE(0) ]
    1017: [ FREE(0), FREE(0) ]
    1018: [ FREE(0), FREE(0) ]
    1019: [ FREE(0), FREE(0) ]
  nbad: 1
  gbad: 1
  ndmrk: 0
  nhmrk: 0
