** nvm_addr_read(...) : pmode(DUAL)
(0x000000000064000a){ ch(00), lun(00), pl(0), blk(0010), pg(100), sec(0) }
(0x000000010064000a){ ch(00), lun(00), pl(0), blk(0010), pg(100), sec(1) }
(0x000000020064000a){ ch(00), lun(00), pl(0), blk(0010), pg(100), sec(2) }
(0x000000030064000a){ ch(00), lun(00), pl(0), blk(0010), pg(100), sec(3) }
(0x000001000064000a){ ch(00), lun(00), pl(1), blk(0010), pg(100), sec(0) }
(0x000001010064000a){ ch(00), lun(00), pl(1), blk(0010), pg(100), sec(1) }
(0x000001020064000a){ ch(00), lun(00), pl(1), blk(0010), pg(100), sec(2) }
(0x000001030064000a){ ch(00), lun(00), pl(1), blk(0010), pg(100), sec(3) }
** Read buffer:
** NVM_BUF_PR - BEGIN **
i[0,31]:  U V W X Y Z A B C D E F G H I J K L M N O P Q R S T U V W X Y Z
i[32,63]:  A B C D E F G H I J K L M N O P Q R S T U V W X Y Z A B C D E F
i[64,95]:  G H I J K L M N O P Q R S T U V W X Y Z A B C D E F G H I J K L
i[96,127]:  M N O P Q R S T U V W X Y Z A B C D E F G H I J K L M N O P Q R
i[128,159]:  S T U V W X Y Z A B C D E F G H I J K L M N O P Q R S T U V W X
i[160,191]:  Y Z A B C D E F G H I J K L M N O P Q R S T U V W X Y Z A B C D
i[192,223]:  E F G H I J K L M N O P Q R S T U V W X Y Z A B C D E F G H I J
i[224,255]:  K L M N O P Q R S T U V W X Y Z A B C D E F G H I J K L M N O P
i[256,287]:  Q R S T U V W X Y Z A B C D E F G H I J K L M N O P Q R S T U V
i[288,319]:  W X Y Z A B C D E F G H I J K L M N O P Q R S T U V W X Y Z A B
i[320,351]:  C D E F G H I J K L M N O P Q R S T U V W X Y Z A B C D E F G H
i[352,383]:  I J K L M N O P Q R S T U V W X Y Z A B C D E F G H I J K L M N
i[384,415]:  O P Q R S T U V W X Y Z A B C D E F G H I J K L M N O P Q R S T
i[416,447]:  U V W X Y Z A B C D E F G H I J K L M N O P Q R S T U V W X Y Z
i[448,479]:  A B C D E F G H I J K L M N O P Q R S T U V W X Y Z A B C D E F
i[480,511]:  G H I J K L M N O P Q R S T U V W X Y Z A B C D E F G H I J K L
i[512,543]:  M N O P Q R S T U V W X Y Z A B C D E F G H I J K L M N O P Q R
i[544,575]:  S T U V W X Y Z A B C D E F G H I J K L M N O P Q R S T U V W X
i[576,607]:  Y Z A B C D E F G H I J K L M N O P Q R S T U V W X Y Z A B C D
i[608,639]:  E F G H I J K L M N O P Q R S T U V W X Y Z A B C D E F G H I J
i[640,671]:  K L M N O P Q R S T U V W X Y Z A B C D E F G H I J K L M N O P
i[672,703]:  Q R S T U V W X Y Z A B C D E F G H I J K L M N O P Q R S T U V
i[704,735]:  W X Y Z A B C D E F G H I J K L M N O P Q R S T U V W X Y Z A B
i[736,767]:  C D E F G H I J K L M N O P Q R S T U V W X Y Z A B C D E F G H
i[768,799]:  I J K L M N O P Q R S T U V W X Y Z A B C D E F G H I J K L M N
i[800,831]:  O P Q R S T U V W X Y Z A B C D E F G H I J K L M N O P Q R S T
i[832,863]:  U V W X Y Z A B C D E F G H I J K L M N O P Q R S T U V W X Y Z
i[864,895]:  A B C D E F G H I J K L M N O P Q R S T U V W X Y Z A B C D E F
i[896,927]:  G H I J K L M N O P Q R S T U V W X Y Z A B C D E F G H I J K L
i[928,959]:  M N O P Q R S T U V W X Y Z A B C D E F G H I J K L M N O P Q R
i[960,991]:  S T U V W X Y Z A B C D E F G H I J K L M N O P Q R S T U V W X
i[992,1023]:  Y Z A B C D E F G H I J K L M N O P Q R S T U V W X Y Z A B C D
i[1024,1055]:  E F G H I J K L M N O P Q R S T U V W X Y Z A B C D E F G H I J
i[1056,1087]:  K L M N O P Q R S T U V W X Y Z A B C D E F G H I J K L M N O P
i[1088,1119]:  Q R S T U V W X Y Z A B C D E F G H I J K L M N O P Q R S T U V
i[1120,1151]:  W X Y Z A B C D E F G H I J K L M N O P Q R S T U V W X Y Z A B
i[1152,1183]:  C D E F G H I J K L M N O P Q R S T U V W X Y Z A B C D E F G H
i[1184,1215]:  I J K L M N O P Q R S T U V W X Y Z A B C D E F G H I J K L M N
i[1216,1247]:  O P Q R S T U V W X Y Z A B C D E F G H I J K L M N O P Q R S T
i[1248,1279]:  U V W X Y Z A B C D E F G H I J K L M N O P Q R S T U V W X Y Z
i[1280,1311]:  A B C D E F G H I J K L M N O P Q R S T U V W X Y Z A B C D E F
i[1312,1343]:  G H I J K L M N O P Q R S T U V W X Y Z A B C D E F G H I J K L
i[1344,1375]:  M N O P Q R S T U V W X Y Z A B C D E F G H I J K L M N O P Q R
i[1376,1407]:  S T U V W X Y Z A B C D E F G H I J K L M N O P Q R S T U V W X
i[1408,1439]:  Y Z A B C D E F G H I J K L M N O P Q R S T U V W X Y Z A B C D
i[1440,1471]:  E F G H I J K L M N O P Q R S T U V W X Y Z A B C D E F G H I J
i[1472,1503]:  K L M N O P Q R S T U V W X Y Z A B C D E F G H I J K L M N O P
i[1504,1535]:  Q R S T U V W X Y Z A B C D E F G H I J K L M N O P Q R S T U V
i[1536,1567]:  W X Y Z A B C D E F G H I J K L M N O P Q R S T U V W X Y Z A B
i[1568,1599]:  C D E F G H I J K L M N O P Q R S T U V W X Y Z A B C D E F G H
i[1600,1631]:  I J K L M N O P Q R S T U V W X Y Z A B C D E F G H I J K L M N
i[1632,1663]:  O P Q R S T U V W X Y Z A B C D E F G H I J K L M N O P Q R S T
i[1664,1695]:  U V W X Y Z A B C D E F G H I J K L M N O P Q R S T U V W X Y Z
i[1696,1727]:  A B C D E F G H I J K L M N O P Q R S T U V W X Y Z A B C D E F
i[1728,1759]:  G H I J K L M N O P Q R S T U V W X Y Z A B C D E F G H I J K L
i[1760,1791]:  M N O P Q R S T U V W X Y Z A B C D E F G H I J K L M N O P Q R
i[1792,1823]:  S T U V W X Y Z A B C D E F G H I J K L M N O P Q R S T U V W X
i[1824,1855]:  Y Z A B C D E F G H I J K L M N O P Q R S T U V W X Y Z A B C D
i[1856,1887]:  E F G H I J K L M N O P Q R S T U V W X Y Z A B C D E F G H I J
i[1888,1919]:  K L M N O P Q R S T U V W X Y Z A B C D E F G H I J K L M N O P
i[1920,1951]:  Q R S T U V W X Y Z A B C D E F G H I J K L M N O P Q R S T U V
i[1952,1983]:  W X Y Z A B C D E F G H I J K L M N O P Q R S T U V W X Y Z A B
i[1984,2015]:  C D E F G H I J K L M N O P Q R S T U V W X Y Z A B C D E F G H
i[2016,2047]:  I J K L M N O P Q R S T U V W X Y Z A B C D E F G H I J K L M N
i[2048,2079]:  O P Q R S T U V W X Y Z A B C D E F G H I J K L M N O P Q R S T
i[2080,2111]:  U V W X Y Z A B C D E F G H I J K L M N O P Q R S T U V W X Y Z
i[2112,2143]:  A B C D E F G H I J K L M N O P Q R S T U V W X Y Z A B C D E F
i[2144,2175]:  G H I J K L M N O P Q R S T U V W X Y Z A B C D E F G H I J K L
i[2176,2207]:  M N O P Q R S T U V W X Y Z A B C D E F G H I J K L M N O P Q R
i[2208,2239]:  S T U V W X Y Z A B C D E F G H I J K L M N O P Q R S T U V W X
i[2240,2271]:  Y Z A B C D E F G H I J K L M N O P Q R S T U V W X Y Z A B C D
i[2272,2303]:  E F G H I J K L M N O P Q R S T U V W X Y Z A B C D E F G H I J
i[2304,2335]:  K L M N O P Q R S T U V W X Y Z A B C D E F G H I J K L M N O P
i[2336,2367]:  Q R S T U V W X Y Z A B C D E F G H I J K L M N O P Q R S T U V
i[2368,2399]:  W X Y Z A B C D E F G H I J K L M N O P Q R S T U V W X Y Z A B
i[2400,2431]:  C D E F G H I J K L M N O P Q R S T U V W X Y Z A B C D E F G H
i[2432,2463]:  I J K L M N O P Q R S T U V W X Y Z A B C D E F G H I J K L M N
i[2464,2495]:  O P Q R S T U V W X Y Z A B C D E F G H I J K L M N O P Q R S T
i[2496,2527]:  U V W X Y Z A B C D E F G H I J K L M N O P Q R S T U V W X Y Z
i[2528,2559]:  A B C D E F G H I J K L M N O P Q R S T U V W X Y Z A B C D E F
i[2560,2591]:  G H I J K L M N O P Q R S T U V W X Y Z A B C D E F G H I J K L
i[2592,2623]:  M N O P Q R S T U V W X Y Z A B C D E F G H I J K L M N O P Q R
i[2624,2655]:  S T U V W X Y Z A B C D E F G H I J K L M N O P Q R S T U V W X
i[2656,2687]:  Y Z A B C D E F G H I J K L M N O P Q R S T U V W X Y Z A B C D
i[2688,2719]:  E F G H I J K L M N O P Q R S T U V W X Y Z A B C D E F G H I J
i[2720,2751]:  K L M N O P Q R S T U V W X Y Z A B C D E F G H I J K L M N O P
i[2752,2783]:  Q R S T U V W X Y Z A B C D E F G H I J K L M N O P Q R S T U V
i[2784,2815]:  W X Y Z A B C D E F G H I J K L M N O P Q R S T U V W X Y Z A B
i[2816,2847]:  C D E F G H I J K L M N O P Q R S T U V W X Y Z A B C D E F G H
i[2848,2879]:  I J K L M N O P Q R S T U V W X Y Z A B C D E F G H I J K L M N
i[2880,2911]:  O P Q R S T U V W X Y Z A B C D E F G H I J K L M N O P Q R S T
i[2912,2943]:  U V W X Y Z A B C D E F G H I J K L M N O P Q R S T U V W X Y Z
i[2944,2975]:  A B C D E F G H I J K L M N O P Q R S T U V W X Y Z A B C D E F
i[2976,3007]:  G H I J K L M N O P Q R S T U V W X Y Z A B C D E F G H I J K L
i[3008,3039]:  M N O P Q R S T U V W X Y Z A B C D E F G H I J K L M N O P Q R
i[3040,3071]:  S T U V W X Y Z A B C D E F G H I J K L M N O P Q R S T U V W X
i[3072,3103]:  Y Z A B C D E F G H I J K L M N O P Q R S T U V W X Y Z A B C D
i[3104,3135]:  E F G H I J K L M N O P Q R S T U V W X Y Z A B C D E F G H I J
i[3136,3167]:  K L M N O P Q R S T U V W X Y Z A B C D E F G H I J K L M N O P
i[3168,3199]:  Q R S T U V W X Y Z A B C D E F G H I J K L M N O P Q R S T U V
i[3200,3231]:  W X Y Z A B C D E F G H I J K L M N O P Q R S T U V W X Y Z A B
i[3232,3263]:  C D E F G H I J K L M N O P Q R S T U V W X Y Z A B C D E F G H
i[3264,3295]:  I J K L M N O P Q R S T U V W X Y Z A B C D E F G H I J K L M N
i[3296,3327]:  O P Q R S T U V W X Y Z A B C D E F G H I J K L M N O P Q R S T
i[3328,3359]:  U V W X Y Z A B C D E F G H I J K L M N O P Q R S T U V W X Y Z
i[3360,3391]:  A B C D E F G H I J K L M N O P Q R S T U V W X Y Z A B C D E F
i[3392,3423]:  G H I J K L M N O P Q R S T U V W X Y Z A B C D E F G H I J K L
i[3424,3455]:  M N O P Q R S T U V W X Y Z A B C D E F G H I J K L M N O P Q R
i[3456,3487]:  S T U V W X Y Z A B C D E F G H I J K L M N O P Q R S T U V W X
i[3488,3519]:  Y Z A B C D E F G H I J K L M N O P Q R S T U V W X Y Z A B C D
i[3520,3551]:  E F G H I J K L M N O P Q R S T U V W X Y Z A B C D E F G H I J
i[3552,3583]:  K L M N O P Q R S T U V W X Y Z A B C D E F G H I J K L M N O P
i[3584,3615]:  Q R S T U V W X Y Z A B C D E F G H I J K L M N O P Q R S T U V
i[3616,3647]:  W X Y Z A B C D E F G H I J K L M N O P Q R S T U V W X Y Z A B
i[3648,3679]:  C D E F G H I J K L M N O P Q R S T U V W X Y Z A B C D E F G H
i[3680,3711]:  I J K L M N O P Q R S T U V W X Y Z A B C D E F G H I J K L M N
i[3712,3743]:  O P Q R S T U V W X Y Z A B C D E F G H I J K L M N O P Q R S T
i[3744,3775]:  U V W X Y Z A B C D E F G H I J K L M N O P Q R S T U V W X Y Z
i[3776,3807]:  A B C D E F G H I J K L M N O P Q R S T U V W X Y Z A B C D E F
i[3808,3839]:  G H I J K L M N O P Q R S T U V W X Y Z A B C D E F G H I J K L
i[3840,3871]:  M N O P Q R S T U V W X Y Z A B C D E F G H I J K L M N O P Q R
i[3872,3903]:  S T U V W X Y Z A B C D E F G H I J K L M N O P Q R S T U V W X
i[3904,3935]:  Y Z A B C D E F G H I J K L M N O P Q R S T U V W X Y Z A B C D
i[3936,3967]:  E F G H I J K L M N O P Q R S T U V W X Y Z A B C D E F G H I J
i[3968,3999]:  K L M N O P Q R S T U V W X Y Z A B C D E F G H I J K L M N O P
i[4000,4031]:  Q R S T U V W X Y Z A B C D E F G H I J K L M N O P Q R S T U V
i[4032,4063]:  W X Y Z A B C D E F G H I J K L M N O P Q R S T U V W X Y Z A B
i[4064,4095]:  C D E F G H I J K L M N O P Q R S T U V W X Y Z A B C D E F G H
i[4096,4127]:  I J K L M N O P Q R S T U V W X Y Z A B C D E F G H I J K L M N
i[4128,4159]:  O P Q R S T U V W X Y Z A B C D E F G H I J K L M N O P Q R S T
i[4160,4191]:  U V W X Y Z A B C D E F G H I J K L M N O P Q R S T U V W X Y Z
i[4192,4223]:  A B C D E F G H I J K L M N O P Q R S T U V W X Y Z A B C D E F
i[4224,4255]:  G H I J K L M N O P Q R S T U V W X Y Z A B C D E F G H I J K L
i[4256,4287]:  M N O P Q R S T U V W X Y Z A B C D E F G H I J K L M N O P Q R
i[4288,4319]:  S T U V W X Y Z A B C D E F G H I J K L M N O P Q R S T U V W X
i[4320,4351]:  Y Z A B C D E F G H I J K L M N O P Q R S T U V W X Y Z A B C D
i[4352,4383]:  E F G H I J K L M N O P Q R S T U V W X Y Z A B C D E F G H I J
i[4384,4415]:  K L M N O P Q R S T U V W X Y Z A B C D E F G H I J K L M N O P
i[4416,4447]:  Q R S T U V W X Y Z A B C D E F G H I J K L M N O P Q R S T U V
i[4448,4479]:  W X Y Z A B C D E F G H I J K L M N O P Q R S T U V W X Y Z A B
i[4480,4511]:  C D E F G H I J K L M N O P Q R S T U V W X Y Z A B C D E F G H
i[4512,4543]:  I J K L M N O P Q R S T U V W X Y Z A B C D E F G H I J K L M N
i[4544,4575]:  O P Q R S T U V W X Y Z A B C D E F G H I J K L M N O P Q R S T
i[4576,4607]:  U V W X Y Z A B C D E F G H I J K L M N O P Q R S T U V W X Y Z
i[4608,4639]:  A B C D E F G H I J K L M N O P Q R S T U V W X Y Z A B C D E F
i[4640,4671]:  G H I J K L M N O P Q R S T U V W X Y Z A B C D E F G H I J K L
i[4672,4703]:  M N O P Q R S T U V W X Y Z A B C D E F G H I J K L M N O P Q R
i[4704,4735]:  S T U V W X Y Z A B C D E F G H I J K L M N O P Q R S T U V W X
i[4736,4767]:  Y Z A B C D E F G H I J K L M N O P Q R S T U V W X Y Z A B C D
i[4768,4799]:  E F G H I J K L M N O P Q R S T U V W X Y Z A B C D E F G H I J
i[4800,4831]:  K L M N O P Q R S T U V W X Y Z A B C D E F G H I J K L M N O P
i[4832,4863]:  Q R S T U V W X Y Z A B C D E F G H I J K L M N O P Q R S T U V
i[4864,4895]:  W X Y Z A B C D E F G H I J K L M N O P Q R S T U V W X Y Z A B
i[4896,4927]:  C D E F G H I J K L M N O P Q R S T U V W X Y Z A B C D E F G H
i[4928,4959]:  I J K L M N O P Q R S T U V W X Y Z A B C D E F G H I J K L M N
i[4960,4991]:  O P Q R S T U V W X Y Z A B C D E F G H I J K L M N O P Q R S T
i[4992,5023]:  U V W X Y Z A B C D E F G H I J K L M N O P Q R S T U V W X Y Z
i[5024,5055]:  A B C D E F G H I J K L M N O P Q R S T U V W X Y Z A B C D E F
i[5056,5087]:  G H I J K L M N O P Q R S T U V W X Y Z A B C D E F G H I J K L
i[5088,5119]:  M N O P Q R S T U V W X Y Z A B C D E F G H I J K L M N O P Q R
i[5120,5151]:  S T U V W X Y Z A B C D E F G H I J K L M N O P Q R S T U V W X
i[5152,5183]:  Y Z A B C D E F G H I J K L M N O P Q R S T U V W X Y Z A B C D
i[5184,5215]:  E F G H I J K L M N O P Q R S T U V W X Y Z A B C D E F G H I J
i[5216,5247]:  K L M N O P Q R S T U V W X Y Z A B C D E F G H I J K L M N O P
i[5248,5279]:  Q R S T U V W X Y Z A B C D E F G H I J K L M N O P Q R S T U V
i[5280,5311]:  W X Y Z A B C D E F G H I J K L M N O P Q R S T U V W X Y Z A B
i[5312,5343]:  C D E F G H I J K L M N O P Q R S T U V W X Y Z A B C D E F G H
i[5344,5375]:  I J K L M N O P Q R S T U V W X Y Z A B C D E F G H I J K L M N
i[5376,5407]:  O P Q R S T U V W X Y Z A B C D E F G H I J K L M N O P Q R S T
i[5408,5439]:  U V W X Y Z A B C D E F G H I J K L M N O P Q R S T U V W X Y Z
i[5440,5471]:  A B C D E F G H I J K L M N O P Q R S T U V W X Y Z A B C D E F
i[5472,5503]:  G H I J K L M N O P Q R S T U V W X Y Z A B C D E F G H I J K L
i[5504,5535]:  M N O P Q R S T U V W X Y Z A B C D E F G H I J K L M N O P Q R
i[5536,5567]:  S T U V W X Y Z A B C D E F G H I J K L M N O P Q R S T U V W X
i[5568,5599]:  Y Z A B C D E F G H I J K L M N O P Q R S T U V W X Y Z A B C D
i[5600,5631]:  E F G H I J K L M N O P Q R S T U V W X Y Z A B C D E F G H I J
i[5632,5663]:  K L M N O P Q R S T U V W X Y Z A B C D E F G H I J K L M N O P
i[5664,5695]:  Q R S T U V W X Y Z A B C D E F G H I J K L M N O P Q R S T U V
i[5696,5727]:  W X Y Z A B C D E F G H I J K L M N O P Q R S T U V W X Y Z A B
i[5728,5759]:  C D E F G H I J K L M N O P Q R S T U V W X Y Z A B C D E F G H
i[5760,5791]:  I J K L M N O P Q R S T U V W X Y Z A B C D E F G H I J K L M N
i[5792,5823]:  O P Q R S T U V W X Y Z A B C D E F G H I J K L M N O P Q R S T
i[5824,5855]:  U V W X Y Z A B C D E F G H I J K L M N O P Q R S T U V W X Y Z
i[5856,5887]:  A B C D E F G H I J K L M N O P Q R S T U V W X Y Z A B C D E F
i[5888,5919]:  G H I J K L M N O P Q R S T U V W X Y Z A B C D E F G H I J K L
i[5920,5951]:  M N O P Q R S T U V W X Y Z A B C D E F G H I J K L M N O P Q R
i[5952,5983]:  S T U V W X Y Z A B C D E F G H I J K L M N O P Q R S T U V W X
i[5984,6015]:  Y Z A B C D E F G H I J K L M N O P Q R S T U V W X Y Z A B C D
i[6016,6047]:  E F G H I J K L M N O P Q R S T U V W X Y Z A B C D E F G H I J
i[6048,6079]:  K L M N O P Q R S T U V W X Y Z A B C D E F G H I J K L M N O P
i[6080,6111]:  Q R S T U V W X Y Z A B C D E F G H I J K L M N O P Q R S T U V
i[6112,6143]:  W X Y Z A B C D E F G H I J K L M N O P Q R S T U V W X Y Z A B
i[6144,6175]:  C D E F G H I J K L M N O P Q R S T U V W X Y Z A B C D E F G H
i[6176,6207]:  I J K L M N O P Q R S T U V W X Y Z A B C D E F G H I J K L M N
i[6208,6239]:  O P Q R S T U V W X Y Z A B C D E F G H I J K L M N O P Q R S T
i[6240,6271]:  U V W X Y Z A B C D E F G H I J K L M N O P Q R S T U V W X Y Z
i[6272,6303]:  A B C D E F G H I J K L M N O P Q R S T U V W X Y Z A B C D E F
i[6304,6335]:  G H I J K L M N O P Q R S T U V W X Y Z A B C D E F G H I J K L
i[6336,6367]:  M N O P Q R S T U V W X Y Z A B C D E F G H I J K L M N O P Q R
i[6368,6399]:  S T U V W X Y Z A B C D E F G H I J K L M N O P Q R S T U V W X
i[6400,6431]:  Y Z A B C D E F G H I J K L M N O P Q R S T U V W X Y Z A B C D
i[6432,6463]:  E F G H I J K L M N O P Q R S T U V W X Y Z A B C D E F G H I J
i[6464,6495]:  K L M N O P Q R S T U V W X Y Z A B C D E F G H I J K L M N O P
i[6496,6527]:  Q R S T U V W X Y Z A B C D E F G H I J K L M N O P Q R S T U V
i[6528,6559]:  W X Y Z A B C D E F G H I J K L M N O P Q R S T U V W X Y Z A B
i[6560,6591]:  C D E F G H I J K L M N O P Q R S T U V W X Y Z A B C D E F G H
i[6592,6623]:  I J K L M N O P Q R S T U V W X Y Z A B C D E F G H I J K L M N
i[6624,6655]:  O P Q R S T U V W X Y Z A B C D E F G H I J K L M N O P Q R S T
i[6656,6687]:  U V W X Y Z A B C D E F G H I J K L M N O P Q R S T U V W X Y Z
i[6688,6719]:  A B C D E F G H I J K L M N O P Q R S T U V W X Y Z A B C D E F
i[6720,6751]:  G H I J K L M N O P Q R S T U V W X Y Z A B C D E F G H I J K L
i[6752,6783]:  M N O P Q R S T U V W X Y Z A B C D E F G H I J K L M N O P Q R
i[6784,6815]:  S T U V W X Y Z A B C D E F G H I J K L M N O P Q R S T U V W X
i[6816,6847]:  Y Z A B C D E F G H I J K L M N O P Q R S T U V W X Y Z A B C D
i[6848,6879]:  E F G H I J K L M N O P Q R S T U V W X Y Z A B C D E F G H I J
i[6880,6911]:  K L M N O P Q R S T U V W X Y Z A B C D E F G H I J K L M N O P
i[6912,6943]:  Q R S T U V W X Y Z A B C D E F G H I J K L M N O P Q R S T U V
i[6944,6975]:  W X Y Z A B C D E F G H I J K L M N O P Q R S T U V W X Y Z A B
i[6976,7007]:  C D E F G H I J K L M N O P Q R S T U V W X Y Z A B C D E F G H
i[7008,7039]:  I J K L M N O P Q R S T U V W X Y Z A B C D E F G H I J K L M N
i[7040,7071]:  O P Q R S T U V W X Y Z A B C D E F G H I J K L M N O P Q R S T
i[7072,7103]:  U V W X Y Z A B C D E F G H I J K L M N O P Q R S T U V W X Y Z
i[7104,7135]:  A B C D E F G H I J K L M N O P Q R S T U V W X Y Z A B C D E F
i[7136,7167]:  G H I J K L M N O P Q R S T U V W X Y Z A B C D E F G H I J K L
i[7168,7199]:  M N O P Q R S T U V W X Y Z A B C D E F G H I J K L M N O P Q R
i[7200,7231]:  S T U V W X Y Z A B C D E F G H I J K L M N O P Q R S T U V W X
i[7232,7263]:  Y Z A B C D E F G H I J K L M N O P Q R S T U V W X Y Z A B C D
i[7264,7295]:  E F G H I J K L M N O P Q R S T U V W X Y Z A B C D E F G H I J
i[7296,7327]:  K L M N O P Q R S T U V W X Y Z A B C D E F G H I J K L M N O P
i[7328,7359]:  Q R S T U V W X Y Z A B C D E F G H I J K L M N O P Q R S T U V
i[7360,7391]:  W X Y Z A B C D E F G H I J K L M N O P Q R S T U V W X Y Z A B
i[7392,7423]:  C D E F G H I J K L M N O P Q R S T U V W X Y Z A B C D E F G H
i[7424,7455]:  I J K L M N O P Q R S T U V W X Y Z A B C D E F G H I J K L M N
i[7456,7487]:  O P Q R S T U V W X Y Z A B C D E F G H I J K L M N O P Q R S T
i[7488,7519]:  U V W X Y Z A B C D E F G H I J K L M N O P Q R S T U V W X Y Z
i[7520,7551]:  A B C D E F G H I J K L M N O P Q R S T U V W X Y Z A B C D E F
i[7552,7583]:  G H I J K L M N O P Q R S T U V W X Y Z A B C D E F G H I J K L
i[7584,7615]:  M N O P Q R S T U V W X Y Z A B C D E F G H I J K L M N O P Q R
i[7616,7647]:  S T U V W X Y Z A B C D E F G H I J K L M N O P Q R S T U V W X
i[7648,7679]:  Y Z A B C D E F G H I J K L M N O P Q R S T U V W X Y Z A B C D
i[7680,7711]:  E F G H I J K L M N O P Q R S T U V W X Y Z A B C D E F G H I J
i[7712,7743]:  K L M N O P Q R S T U V W X Y Z A B C D E F G H I J K L M N O P
i[7744,7775]:  Q R S T U V W X Y Z A B C D E F G H I J K L M N O P Q R S T U V
i[7776,7807]:  W X Y Z A B C D E F G H I J K L M N O P Q R S T U V W X Y Z A B
i[7808,7839]:  C D E F G H I J K L M N O P Q R S T U V W X Y Z A B C D E F G H
i[7840,7871]:  I J K L M N O P Q R S T U V W X Y Z A B C D E F G H I J K L M N
i[7872,7903]:  O P Q R S T U V W X Y Z A B C D E F G H I J K L M N O P Q R S T
i[7904,7935]:  U V W X Y Z A B C D E F G H I J K L M N O P Q R S T U V W X Y Z
i[7936,7967]:  A B C D E F G H I J K L M N O P Q R S T U V W X Y Z A B C D E F
i[7968,7999]:  G H I J K L M N O P Q R S T U V W X Y Z A B C D E F G H I J K L
i[8000,8031]:  M N O P Q R S T U V W X Y Z A B C D E F G H I J K L M N O P Q R
i[8032,8063]:  S T U V W X Y Z A B C D E F G H I J K L M N O P Q R S T U V W X
i[8064,8095]:  Y Z A B C D E F G H I J K L M N O P Q R S T U V W X Y Z A B C D
i[8096,8127]:  E F G H I J K L M N O P Q R S T U V W X Y Z A B C D E F G H I J
i[8128,8159]:  K L M N O P Q R S T U V W X Y Z A B C D E F G H I J K L M N O P
i[8160,8191]:  Q R S T U V W X Y Z A B C D E F G H I J K L M N O P Q R S T U V
i[8192,8223]:  W X Y Z A B C D E F G H I J K L M N O P Q R S T U V W X Y Z A B
i[8224,8255]:  C D E F G H I J K L M N O P Q R S T U V W X Y Z A B C D E F G H
i[8256,8287]:  I J K L M N O P Q R S T U V W X Y Z A B C D E F G H I J K L M N
i[8288,8319]:  O P Q R S T U V W X Y Z A B C D E F G H I J K L M N O P Q R S T
i[8320,8351]:  U V W X Y Z A B C D E F G H I J K L M N O P Q R S T U V W X Y Z
i[8352,8383]:  A B C D E F G H I J K L M N O P Q R S T U V W X Y Z A B C D E F
i[8384,8415]:  G H I J K L M N O P Q R S T U V W X Y Z A B C D E F G H I J K L
i[8416,8447]:  M N O P Q R S T U V W X Y Z A B C D E F G H I J K L M N O P Q R
i[8448,8479]:  S T U V W X Y Z A B C D E F G H I J K L M N O P Q R S T U V W X
i[8480,8511]:  Y Z A B C D E F G H I J K L M N O P Q R S T U V W X Y Z A B C D
i[8512,8543]:  E F G H I J K L M N O P Q R S T U V W X Y Z A B C D E F G H I J
i[8544,8575]:  K L M N O P Q R S T U V W X Y Z A B C D E F G H I J K L M N O P
i[8576,8607]:  Q R S T U V W X Y Z A B C D E F G H I J K L M N O P Q R S T U V
i[8608,8639]:  W X Y Z A B C D E F G H I J K L M N O P Q R S T U V W X Y Z A B
i[8640,8671]:  C D E F G H I J K L M N O P Q R S T U V W X Y Z A B C D E F G H
i[8672,8703]:  I J K L M N O P Q R S T U V W X Y Z A B C D E F G H I J K L M N
i[8704,8735]:  O P Q R S T U V W X Y Z A B C D E F G H I J K L M N O P Q R S T
i[8736,8767]:  U V W X Y Z A B C D E F G H I J K L M N O P Q R S T U V W X Y Z
i[8768,8799]:  A B C D E F G H I J K L M N O P Q R S T U V W X Y Z A B C D E F
i[8800,8831]:  G H I J K L M N O P Q R S T U V W X Y Z A B C D E F G H I J K L
i[8832,8863]:  M N O P Q R S T U V W X Y Z A B C D E F G H I J K L M N O P Q R
i[8864,8895]:  S T U V W X Y Z A B C D E F G H I J K L M N O P Q R S T U V W X
i[8896,8927]:  Y Z A B C D E F G H I J K L M N O P Q R S T U V W X Y Z A B C D
i[8928,8959]:  E F G H I J K L M N O P Q R S T U V W X Y Z A B C D E F G H I J
i[8960,8991]:  K L M N O P Q R S T U V W X Y Z A B C D E F G H I J K L M N O P
i[8992,9023]:  Q R S T U V W X Y Z A B C D E F G H I J K L M N O P Q R S T U V
i[9024,9055]:  W X Y Z A B C D E F G H I J K L M N O P Q R S T U V W X Y Z A B
i[9056,9087]:  C D E F G H I J K L M N O P Q R S T U V W X Y Z A B C D E F G H
i[9088,9119]:  I J K L M N O P Q R S T U V W X Y Z A B C D E F G H I J K L M N
i[9120,9151]:  O P Q R S T U V W X Y Z A B C D E F G H I J K L M N O P Q R S T
i[9152,9183]:  U V W X Y Z A B C D E F G H I J K L M N O P Q R S T U V W X Y Z
i[9184,9215]:  A B C D E F G H I J K L M N O P Q R S T U V W X Y Z A B C D E F
i[9216,9247]:  G H I J K L M N O P Q R S T U V W X Y Z A B C D E F G H I J K L
i[9248,9279]:  M N O P Q R S T U V W X Y Z A B C D E F G H I J K L M N O P Q R
i[9280,9311]:  S T U V W X Y Z A B C D E F G H I J K L M N O P Q R S T U V W X
i[9312,9343]:  Y Z A B C D E F G H I J K L M N O P Q R S T U V W X Y Z A B C D
i[9344,9375]:  E F G H I J K L M N O P Q R S T U V W X Y Z A B C D E F G H I J
i[9376,9407]:  K L M N O P Q R S T U V W X Y Z A B C D E F G H I J K L M N O P
i[9408,9439]:  Q R S T U V W X Y Z A B C D E F G H I J K L M N O P Q R S T U V
i[9440,9471]:  W X Y Z A B C D E F G H I J K L M N O P Q R S T U V W X Y Z A B
i[9472,9503]:  C D E F G H I J K L M N O P Q R S T U V W X Y Z A B C D E F G H
i[9504,9535]:  I J K L M N O P Q R S T U V W X Y Z A B C D E F G H I J K L M N
i[9536,9567]:  O P Q R S T U V W X Y Z A B C D E F G H I J K L M N O P Q R S T
i[9568,9599]:  U V W X Y Z A B C D E F G H I J K L M N O P Q R S T U V W X Y Z
i[9600,9631]:  A B C D E F G H I J K L M N O P Q R S T U V W X Y Z A B C D E F
i[9632,9663]:  G H I J K L M N O P Q R S T U V W X Y Z A B C D E F G H I J K L
i[9664,9695]:  M N O P Q R S T U V W X Y Z A B C D E F G H I J K L M N O P Q R
i[9696,9727]:  S T U V W X Y Z A B C D E F G H I J K L M N O P Q R S T U V W X
i[9728,9759]:  Y Z A B C D E F G H I J K L M N O P Q R S T U V W X Y Z A B C D
i[9760,9791]:  E F G H I J K L M N O P Q R S T U V W X Y Z A B C D E F G H I J
i[9792,9823]:  K L M N O P Q R S T U V W X Y Z A B C D E F G H I J K L M N O P
i[9824,9855]:  Q R S T U V W X Y Z A B C D E F G H I J K L M N O P Q R S T U V
i[9856,9887]:  W X Y Z A B C D E F G H I J K L M N O P Q R S T U V W X Y Z A B
i[9888,9919]:  C D E F G H I J K L M N O P Q R S T U V W X Y Z A B C D E F G H
i[9920,9951]:  I J K L M N O P Q R S T U V W X Y Z A B C D E F G H I J K L M N
i[9952,9983]:  O P Q R S T U V W X Y Z A B C D E F G H I J K L M N O P Q R S T
i[9984,10015]:  U V W X Y Z A B C D E F G H I J K L M N O P Q R S T U V W X Y Z
i[10016,10047]:  A B C D E F G H I J K L M N O P Q R S T U V W X Y Z A B C D E F
i[10048,10079]:  G H I J K L M N O P Q R S T U V W X Y Z A B C D E F G H I J K L
i[10080,10111]:  M N O P Q R S T U V W X Y Z A B C D E F G H I J K L M N O P Q R
i[10112,10143]:  S T U V W X Y Z A B C D E F G H I J K L M N O P Q R S T U V W X
i[10144,10175]:  Y Z A B C D E F G H I J K L M N O P Q R S T U V W X Y Z A B C D
i[10176,10207]:  E F G H I J K L M N O P Q R S T U V W X Y Z A B C D E F G H I J
i[10208,10239]:  K L M N O P Q R S T U V W X Y Z A B C D E F G H I J K L M N O P
i[10240,10271]:  Q R S T U V W X Y Z A B C D E F G H I J K L M N O P Q R S T U V
i[10272,10303]:  W X Y Z A B C D E F G H I J K L M N O P Q R S T U V W X Y Z A B
i[10304,10335]:  C D E F G H I J K L M N O P Q R S T U V W X Y Z A B C D E F G H
i[10336,10367]:  I J K L M N O P Q R S T U V W X Y Z A B C D E F G H I J K L M N
i[10368,10399]:  O P Q R S T U V W X Y Z A B C D E F G H I J K L M N O P Q R S T
i[10400,10431]:  U V W X Y Z A B C D E F G H I J K L M N O P Q R S T U V W X Y Z
i[10432,10463]:  A B C D E F G H I J K L M N O P Q R S T U V W X Y Z A B C D E F
i[10464,10495]:  G H I J K L M N O P Q R S T U V W X Y Z A B C D E F G H I J K L
i[10496,10527]:  M N O P Q R S T U V W X Y Z A B C D E F G H I J K L M N O P Q R
i[10528,10559]:  S T U V W X Y Z A B C D E F G H I J K L M N O P Q R S T U V W X
i[10560,10591]:  Y Z A B C D E F G H I J K L M N O P Q R S T U V W X Y Z A B C D
i[10592,10623]:  E F G H I J K L M N O P Q R S T U V W X Y Z A B C D E F G H I J
i[10624,10655]:  K L M N O P Q R S T U V W X Y Z A B C D E F G H I J K L M N O P
i[10656,10687]:  Q R S T U V W X Y Z A B C D E F G H I J K L M N O P Q R S T U V
i[10688,10719]:  W X Y Z A B C D E F G H I J K L M N O P Q R S T U V W X Y Z A B
i[10720,10751]:  C D E F G H I J K L M N O P Q R S T U V W X Y Z A B C D E F G H
i[10752,10783]:  I J K L M N O P Q R S T U V W X Y Z A B C D E F G H I J K L M N
i[10784,10815]:  O P Q R S T U V W X Y Z A B C D E F G H I J K L M N O P Q R S T
i[10816,10847]:  U V W X Y Z A B C D E F G H I J K L M N O P Q R S T U V W X Y Z
i[10848,10879]:  A B C D E F G H I J K L M N O P Q R S T U V W X Y Z A B C D E F
i[10880,10911]:  G H I J K L M N O P Q R S T U V W X Y Z A B C D E F G H I J K L
i[10912,10943]:  M N O P Q R S T U V W X Y Z A B C D E F G H I J K L M N O P Q R
i[10944,10975]:  S T U V W X Y Z A B C D E F G H I J K L M N O P Q R S T U V W X
i[10976,11007]:  Y Z A B C D E F G H I J K L M N O P Q R S T U V W X Y Z A B C D
i[11008,11039]:  E F G H I J K L M N O P Q R S T U V W X Y Z A B C D E F G H I J
i[11040,11071]:  K L M N O P Q R S T U V W X Y Z A B C D E F G H I J K L M N O P
i[11072,11103]:  Q R S T U V W X Y Z A B C D E F G H I J K L M N O P Q R S T U V
i[11104,11135]:  W X Y Z A B C D E F G H I J K L M N O P Q R S T U V W X Y Z A B
i[11136,11167]:  C D E F G H I J K L M N O P Q R S T U V W X Y Z A B C D E F G H
i[11168,11199]:  I J K L M N O P Q R S T U V W X Y Z A B C D E F G H I J K L M N
i[11200,11231]:  O P Q R S T U V W X Y Z A B C D E F G H I J K L M N O P Q R S T
i[11232,11263]:  U V W X Y Z A B C D E F G H I J K L M N O P Q R S T U V W X Y Z
i[11264,11295]:  A B C D E F G H I J K L M N O P Q R S T U V W X Y Z A B C D E F
i[11296,11327]:  G H I J K L M N O P Q R S T U V W X Y Z A B C D E F G H I J K L
i[11328,11359]:  M N O P Q R S T U V W X Y Z A B C D E F G H I J K L M N O P Q R
i[11360,11391]:  S T U V W X Y Z A B C D E F G H I J K L M N O P Q R S T U V W X
i[11392,11423]:  Y Z A B C D E F G H I J K L M N O P Q R S T U V W X Y Z A B C D
i[11424,11455]:  E F G H I J K L M N O P Q R S T U V W X Y Z A B C D E F G H I J
i[11456,11487]:  K L M N O P Q R S T U V W X Y Z A B C D E F G H I J K L M N O P
i[11488,11519]:  Q R S T U V W X Y Z A B C D E F G H I J K L M N O P Q R S T U V
i[11520,11551]:  W X Y Z A B C D E F G H I J K L M N O P Q R S T U V W X Y Z A B
i[11552,11583]:  C D E F G H I J K L M N O P Q R S T U V W X Y Z A B C D E F G H
i[11584,11615]:  I J K L M N O P Q R S T U V W X Y Z A B C D E F G H I J K L M N
i[11616,11647]:  O P Q R S T U V W X Y Z A B C D E F G H I J K L M N O P Q R S T
i[11648,11679]:  U V W X Y Z A B C D E F G H I J K L M N O P Q R S T U V W X Y Z
i[11680,11711]:  A B C D E F G H I J K L M N O P Q R S T U V W X Y Z A B C D E F
i[11712,11743]:  G H I J K L M N O P Q R S T U V W X Y Z A B C D E F G H I J K L
i[11744,11775]:  M N O P Q R S T U V W X Y Z A B C D E F G H I J K L M N O P Q R
i[11776,11807]:  S T U V W X Y Z A B C D E F G H I J K L M N O P Q R S T U V W X
i[11808,11839]:  Y Z A B C D E F G H I J K L M N O P Q R S T U V W X Y Z A B C D
i[11840,11871]:  E F G H I J K L M N O P Q R S T U V W X Y Z A B C D E F G H I J
i[11872,11903]:  K L M N O P Q R S T U V W X Y Z A B C D E F G H I J K L M N O P
i[11904,11935]:  Q R S T U V W X Y Z A B C D E F G H I J K L M N O P Q R S T U V
i[11936,11967]:  W X Y Z A B C D E F G H I J K L M N O P Q R S T U V W X Y Z A B
i[11968,11999]:  C D E F G H I J K L M N O P Q R S T U V W X Y Z A B C D E F G H
i[12000,12031]:  I J K L M N O P Q R S T U V W X Y Z A B C D E F G H I J K L M N
i[12032,12063]:  O P Q R S T U V W X Y Z A B C D E F G H I J K L M N O P Q R S T
i[12064,12095]:  U V W X Y Z A B C D E F G H I J K L M N O P Q R S T U V W X Y Z
i[12096,12127]:  A B C D E F G H I J K L M N O P Q R S T U V W X Y Z A B C D E F
i[12128,12159]:  G H I J K L M N O P Q R S T U V W X Y Z A B C D E F G H I J K L
i[12160,12191]:  M N O P Q R S T U V W X Y Z A B C D E F G H I J K L M N O P Q R
i[12192,12223]:  S T U V W X Y Z A B C D E F G H I J K L M N O P Q R S T U V W X
i[12224,12255]:  Y Z A B C D E F G H I J K L M N O P Q R S T U V W X Y Z A B C D
i[12256,12287]:  E F G H I J K L M N O P Q R S T U V W X Y Z A B C D E F G H I J
i[12288,12319]:  K L M N O P Q R S T U V W X Y Z A B C D E F G H I J K L M N O P
i[12320,12351]:  Q R S T U V W X Y Z A B C D E F G H I J K L M N O P Q R S T U V
i[12352,12383]:  W X Y Z A B C D E F G H I J K L M N O P Q R S T U V W X Y Z A B
i[12384,12415]:  C D E F G H I J K L M N O P Q R S T U V W X Y Z A B C D E F G H
i[12416,12447]:  I J K L M N O P Q R S T U V W X Y Z A B C D E F G H I J K L M N
i[12448,12479]:  O P Q R S T U V W X Y Z A B C D E F G H I J K L M N O P Q R S T
i[12480,12511]:  U V W X Y Z A B C D E F G H I J K L M N O P Q R S T U V W X Y Z
i[12512,12543]:  A B C D E F G H I J K L M N O P Q R S T U V W X Y Z A B C D E F
i[12544,12575]:  G H I J K L M N O P Q R S T U V W X Y Z A B C D E F G H I J K L
i[12576,12607]:  M N O P Q R S T U V W X Y Z A B C D E F G H I J K L M N O P Q R
i[12608,12639]:  S T U V W X Y Z A B C D E F G H I J K L M N O P Q R S T U V W X
i[12640,12671]:  Y Z A B C D E F G H I J K L M N O P Q R S T U V W X Y Z A B C D
i[12672,12703]:  E F G H I J K L M N O P Q R S T U V W X Y Z A B C D E F G H I J
i[12704,12735]:  K L M N O P Q R S T U V W X Y Z A B C D E F G H I J K L M N O P
i[12736,12767]:  Q R S T U V W X Y Z A B C D E F G H I J K L M N O P Q R S T U V
i[12768,12799]:  W X Y Z A B C D E F G H I J K L M N O P Q R S T U V W X Y Z A B
i[12800,12831]:  C D E F G H I J K L M N O P Q R S T U V W X Y Z A B C D E F G H
i[12832,12863]:  I J K L M N O P Q R S T U V W X Y Z A B C D E F G H I J K L M N
i[12864,12895]:  O P Q R S T U V W X Y Z A B C D E F G H I J K L M N O P Q R S T
i[12896,12927]:  U V W X Y Z A B C D E F G H I J K L M N O P Q R S T U V W X Y Z
i[12928,12959]:  A B C D E F G H I J K L M N O P Q R S T U V W X Y Z A B C D E F
i[12960,12991]:  G H I J K L M N O P Q R S T U V W X Y Z A B C D E F G H I J K L
i[12992,13023]:  M N O P Q R S T U V W X Y Z A B C D E F G H I J K L M N O P Q R
i[13024,13055]:  S T U V W X Y Z A B C D E F G H I J K L M N O P Q R S T U V W X
i[13056,13087]:  Y Z A B C D E F G H I J K L M N O P Q R S T U V W X Y Z A B C D
i[13088,13119]:  E F G H I J K L M N O P Q R S T U V W X Y Z A B C D E F G H I J
i[13120,13151]:  K L M N O P Q R S T U V W X Y Z A B C D E F G H I J K L M N O P
i[13152,13183]:  Q R S T U V W X Y Z A B C D E F G H I J K L M N O P Q R S T U V
i[13184,13215]:  W X Y Z A B C D E F G H I J K L M N O P Q R S T U V W X Y Z A B
i[13216,13247]:  C D E F G H I J K L M N O P Q R S T U V W X Y Z A B C D E F G H
i[13248,13279]:  I J K L M N O P Q R S T U V W X Y Z A B C D E F G H I J K L M N
i[13280,13311]:  O P Q R S T U V W X Y Z A B C D E F G H I J K L M N O P Q R S T
i[13312,13343]:  U V W X Y Z A B C D E F G H I J K L M N O P Q R S T U V W X Y Z
i[13344,13375]:  A B C D E F G H I J K L M N O P Q R S T U V W X Y Z A B C D E F
i[13376,13407]:  G H I J K L M N O P Q R S T U V W X Y Z A B C D E F G H I J K L
i[13408,13439]:  M N O P Q R S T U V W X Y Z A B C D E F G H I J K L M N O P Q R
i[13440,13471]:  S T U V W X Y Z A B C D E F G H I J K L M N O P Q R S T U V W X
i[13472,13503]:  Y Z A B C D E F G H I J K L M N O P Q R S T U V W X Y Z A B C D
i[13504,13535]:  E F G H I J K L M N O P Q R S T U V W X Y Z A B C D E F G H I J
i[13536,13567]:  K L M N O P Q R S T U V W X Y Z A B C D E F G H I J K L M N O P
i[13568,13599]:  Q R S T U V W X Y Z A B C D E F G H I J K L M N O P Q R S T U V
i[13600,13631]:  W X Y Z A B C D E F G H I J K L M N O P Q R S T U V W X Y Z A B
i[13632,13663]:  C D E F G H I J K L M N O P Q R S T U V W X Y Z A B C D E F G H
i[13664,13695]:  I J K L M N O P Q R S T U V W X Y Z A B C D E F G H I J K L M N
i[13696,13727]:  O P Q R S T U V W X Y Z A B C D E F G H I J K L M N O P Q R S T
i[13728,13759]:  U V W X Y Z A B C D E F G H I J K L M N O P Q R S T U V W X Y Z
i[13760,13791]:  A B C D E F G H I J K L M N O P Q R S T U V W X Y Z A B C D E F
i[13792,13823]:  G H I J K L M N O P Q R S T U V W X Y Z A B C D E F G H I J K L
i[13824,13855]:  M N O P Q R S T U V W X Y Z A B C D E F G H I J K L M N O P Q R
i[13856,13887]:  S T U V W X Y Z A B C D E F G H I J K L M N O P Q R S T U V W X
i[13888,13919]:  Y Z A B C D E F G H I J K L M N O P Q R S T U V W X Y Z A B C D
i[13920,13951]:  E F G H I J K L M N O P Q R S T U V W X Y Z A B C D E F G H I J
i[13952,13983]:  K L M N O P Q R S T U V W X Y Z A B C D E F G H I J K L M N O P
i[13984,14015]:  Q R S T U V W X Y Z A B C D E F G H I J K L M N O P Q R S T U V
i[14016,14047]:  W X Y Z A B C D E F G H I J K L M N O P Q R S T U V W X Y Z A B
i[14048,14079]:  C D E F G H I J K L M N O P Q R S T U V W X Y Z A B C D E F G H
i[14080,14111]:  I J K L M N O P Q R S T U V W X Y Z A B C D E F G H I J K L M N
i[14112,14143]:  O P Q R S T U V W X Y Z A B C D E F G H I J K L M N O P Q R S T
i[14144,14175]:  U V W X Y Z A B C D E F G H I J K L M N O P Q R S T U V W X Y Z
i[14176,14207]:  A B C D E F G H I J K L M N O P Q R S T U V W X Y Z A B C D E F
i[14208,14239]:  G H I J K L M N O P Q R S T U V W X Y Z A B C D E F G H I J K L
i[14240,14271]:  M N O P Q R S T U V W X Y Z A B C D E F G H I J K L M N O P Q R
i[14272,14303]:  S T U V W X Y Z A B C D E F G H I J K L M N O P Q R S T U V W X
i[14304,14335]:  Y Z A B C D E F G H I J K L M N O P Q R S T U V W X Y Z A B C D
i[14336,14367]:  E F G H I J K L M N O P Q R S T U V W X Y Z A B C D E F G H I J
i[14368,14399]:  K L M N O P Q R S T U V W X Y Z A B C D E F G H I J K L M N O P
i[14400,14431]:  Q R S T U V W X Y Z A B C D E F G H I J K L M N O P Q R S T U V
i[14432,14463]:  W X Y Z A B C D E F G H I J K L M N O P Q R S T U V W X Y Z A B
i[14464,14495]:  C D E F G H I J K L M N O P Q R S T U V W X Y Z A B C D E F G H
i[14496,14527]:  I J K L M N O P Q R S T U V W X Y Z A B C D E F G H I J K L M N
i[14528,14559]:  O P Q R S T U V W X Y Z A B C D E F G H I J K L M N O P Q R S T
i[14560,14591]:  U V W X Y Z A B C D E F G H I J K L M N O P Q R S T U V W X Y Z
i[14592,14623]:  A B C D E F G H I J K L M N O P Q R S T U V W X Y Z A B C D E F
i[14624,14655]:  G H I J K L M N O P Q R S T U V W X Y Z A B C D E F G H I J K L
i[14656,14687]:  M N O P Q R S T U V W X Y Z A B C D E F G H I J K L M N O P Q R
i[14688,14719]:  S T U V W X Y Z A B C D E F G H I J K L M N O P Q R S T U V W X
i[14720,14751]:  Y Z A B C D E F G H I J K L M N O P Q R S T U V W X Y Z A B C D
i[14752,14783]:  E F G H I J K L M N O P Q R S T U V W X Y Z A B C D E F G H I J
i[14784,14815]:  K L M N O P Q R S T U V W X Y Z A B C D E F G H I J K L M N O P
i[14816,14847]:  Q R S T U V W X Y Z A B C D E F G H I J K L M N O P Q R S T U V
i[14848,14879]:  W X Y Z A B C D E F G H I J K L M N O P Q R S T U V W X Y Z A B
i[14880,14911]:  C D E F G H I J K L M N O P Q R S T U V W X Y Z A B C D E F G H
i[14912,14943]:  I J K L M N O P Q R S T U V W X Y Z A B C D E F G H I J K L M N
i[14944,14975]:  O P Q R S T U V W X Y Z A B C D E F G H I J K L M N O P Q R S T
i[14976,15007]:  U V W X Y Z A B C D E F G H I J K L M N O P Q R S T U V W X Y Z
i[15008,15039]:  A B C D E F G H I J K L M N O P Q R S T U V W X Y Z A B C D E F
i[15040,15071]:  G H I J K L M N O P Q R S T U V W X Y Z A B C D E F G H I J K L
i[15072,15103]:  M N O P Q R S T U V W X Y Z A B C D E F G H I J K L M N O P Q R
i[15104,15135]:  S T U V W X Y Z A B C D E F G H I J K L M N O P Q R S T U V W X
i[15136,15167]:  Y Z A B C D E F G H I J K L M N O P Q R S T U V W X Y Z A B C D
i[15168,15199]:  E F G H I J K L M N O P Q R S T U V W X Y Z A B C D E F G H I J
i[15200,15231]:  K L M N O P Q R S T U V W X Y Z A B C D E F G H I J K L M N O P
i[15232,15263]:  Q R S T U V W X Y Z A B C D E F G H I J K L M N O P Q R S T U V
i[15264,15295]:  W X Y Z A B C D E F G H I J K L M N O P Q R S T U V W X Y Z A B
i[15296,15327]:  C D E F G H I J K L M N O P Q R S T U V W X Y Z A B C D E F G H
i[15328,15359]:  I J K L M N O P Q R S T U V W X Y Z A B C D E F G H I J K L M N
i[15360,15391]:  O P Q R S T U V W X Y Z A B C D E F G H I J K L M N O P Q R S T
i[15392,15423]:  U V W X Y Z A B C D E F G H I J K L M N O P Q R S T U V W X Y Z
i[15424,15455]:  A B C D E F G H I J K L M N O P Q R S T U V W X Y Z A B C D E F
i[15456,15487]:  G H I J K L M N O P Q R S T U V W X Y Z A B C D E F G H I J K L
i[15488,15519]:  M N O P Q R S T U V W X Y Z A B C D E F G H I J K L M N O P Q R
i[15520,15551]:  S T U V W X Y Z A B C D E F G H I J K L M N O P Q R S T U V W X
i[15552,15583]:  Y Z A B C D E F G H I J K L M N O P Q R S T U V W X Y Z A B C D
i[15584,15615]:  E F G H I J K L M N O P Q R S T U V W X Y Z A B C D E F G H I J
i[15616,15647]:  K L M N O P Q R S T U V W X Y Z A B C D E F G H I J K L M N O P
i[15648,15679]:  Q R S T U V W X Y Z A B C D E F G H I J K L M N O P Q R S T U V
i[15680,15711]:  W X Y Z A B C D E F G H I J K L M N O P Q R S T U V W X Y Z A B
i[15712,15743]:  C D E F G H I J K L M N O P Q R S T U V W X Y Z A B C D E F G H
i[15744,15775]:  I J K L M N O P Q R S T U V W X Y Z A B C D E F G H I J K L M N
i[15776,15807]:  O P Q R S T U V W X Y Z A B C D E F G H I J K L M N O P Q R S T
i[15808,15839]:  U V W X Y Z A B C D E F G H I J K L M N O P Q R S T U V W X Y Z
i[15840,15871]:  A B C D E F G H I J K L M N O P Q R S T U V W X Y Z A B C D E F
i[15872,15903]:  G H I J K L M N O P Q R S T U V W X Y Z A B C D E F G H I J K L
i[15904,15935]:  M N O P Q R S T U V W X Y Z A B C D E F G H I J K L M N O P Q R
i[15936,15967]:  S T U V W X Y Z A B C D E F G H I J K L M N O P Q R S T U V W X
i[15968,15999]:  Y Z A B C D E F G H I J K L M N O P Q R S T U V W X Y Z A B C D
i[16000,16031]:  E F G H I J K L M N O P Q R S T U V W X Y Z A B C D E F G H I J
i[16032,16063]:  K L M N O P Q R S T U V W X Y Z A B C D E F G H I J K L M N O P
i[16064,16095]:  Q R S T U V W X Y Z A B C D E F G H I J K L M N O P Q R S T U V
i[16096,16127]:  W X Y Z A B C D E F G H I J K L M N O P Q R S T U V W X Y Z A B
i[16128,16159]:  C D E F G H I J K L M N O P Q R S T U V W X Y Z A B C D E F G H
i[16160,16191]:  I J K L M N O P Q R S T U V W X Y Z A B C D E F G H I J K L M N
i[16192,16223]:  O P Q R S T U V W X Y Z A B C D E F G H I J K L M N O P Q R S T
i[16224,16255]:  U V W X Y Z A B C D E F G H I J K L M N O P Q R S T U V W X Y Z
i[16256,16287]:  A B C D E F G H I J K L M N O P Q R S T U V W X Y Z A B C D E F
i[16288,16319]:  G H I J K L M N O P Q R S T U V W X Y Z A B C D E F G H I J K L
i[16320,16351]:  M N O P Q R S T U V W X Y Z A B C D E F G H I J K L M N O P Q R
i[16352,16383]:  S T U V W X Y Z A B C D E F G H I J K L M N O P Q R S T U V W X
i[16384,16415]:  Y Z A B C D E F G H I J K L M N O P Q R S T U V W X Y Z A B C D
i[16416,16447]:  E F G H I J K L M N O P Q R S T U V W X Y Z A B C D E F G H I J
i[16448,16479]:  K L M N O P Q R S T U V W X Y Z A B C D E F G H I J K L M N O P
i[16480,16511]:  Q R S T U V W X Y Z A B C D E F G H I J K L M N O P Q R S T U V
i[16512,16543]:  W X Y Z A B C D E F G H I J K L M N O P Q R S T U V W X Y Z A B
i[16544,16575]:  C D E F G H I J K L M N O P Q R S T U V W X Y Z A B C D E F G H
i[16576,16607]:  I J K L M N O P Q R S T U V W X Y Z A B C D E F G H I J K L M N
i[16608,16639]:  O P Q R S T U V W X Y Z A B C D E F G H I J K L M N O P Q R S T
i[16640,16671]:  U V W X Y Z A B C D E F G H I J K L M N O P Q R S T U V W X Y Z
i[16672,16703]:  A B C D E F G H I J K L M N O P Q R S T U V W X Y Z A B C D E F
i[16704,16735]:  G H I J K L M N O P Q R S T U V W X Y Z A B C D E F G H I J K L
i[16736,16767]:  M N O P Q R S T U V W X Y Z A B C D E F G H I J K L M N O P Q R
i[16768,16799]:  S T U V W X Y Z A B C D E F G H I J K L M N O P Q R S T U V W X
i[16800,16831]:  Y Z A B C D E F G H I J K L M N O P Q R S T U V W X Y Z A B C D
i[16832,16863]:  E F G H I J K L M N O P Q R S T U V W X Y Z A B C D E F G H I J
i[16864,16895]:  K L M N O P Q R S T U V W X Y Z A B C D E F G H I J K L M N O P
i[16896,16927]:  Q R S T U V W X Y Z A B C D E F G H I J K L M N O P Q R S T U V
i[16928,16959]:  W X Y Z A B C D E F G H I J K L M N O P Q R S T U V W X Y Z A B
i[16960,16991]:  C D E F G H I J K L M N O P Q R S T U V W X Y Z A B C D E F G H
i[16992,17023]:  I J K L M N O P Q R S T U V W X Y Z A B C D E F G H I J K L M N
i[17024,17055]:  O P Q R S T U V W X Y Z A B C D E F G H I J K L M N O P Q R S T
i[17056,17087]:  U V W X Y Z A B C D E F G H I J K L M N O P Q R S T U V W X Y Z
i[17088,17119]:  A B C D E F G H I J K L M N O P Q R S T U V W X Y Z A B C D E F
i[17120,17151]:  G H I J K L M N O P Q R S T U V W X Y Z A B C D E F G H I J K L
i[17152,17183]:  M N O P Q R S T U V W X Y Z A B C D E F G H I J K L M N O P Q R
i[17184,17215]:  S T U V W X Y Z A B C D E F G H I J K L M N O P Q R S T U V W X
i[17216,17247]:  Y Z A B C D E F G H I J K L M N O P Q R S T U V W X Y Z A B C D
i[17248,17279]:  E F G H I J K L M N O P Q R S T U V W X Y Z A B C D E F G H I J
i[17280,17311]:  K L M N O P Q R S T U V W X Y Z A B C D E F G H I J K L M N O P
i[17312,17343]:  Q R S T U V W X Y Z A B C D E F G H I J K L M N O P Q R S T U V
i[17344,17375]:  W X Y Z A B C D E F G H I J K L M N O P Q R S T U V W X Y Z A B
i[17376,17407]:  C D E F G H I J K L M N O P Q R S T U V W X Y Z A B C D E F G H
i[17408,17439]:  I J K L M N O P Q R S T U V W X Y Z A B C D E F G H I J K L M N
i[17440,17471]:  O P Q R S T U V W X Y Z A B C D E F G H I J K L M N O P Q R S T
i[17472,17503]:  U V W X Y Z A B C D E F G H I J K L M N O P Q R S T U V W X Y Z
i[17504,17535]:  A B C D E F G H I J K L M N O P Q R S T U V W X Y Z A B C D E F
i[17536,17567]:  G H I J K L M N O P Q R S T U V W X Y Z A B C D E F G H I J K L
i[17568,17599]:  M N O P Q R S T U V W X Y Z A B C D E F G H I J K L M N O P Q R
i[17600,17631]:  S T U V W X Y Z A B C D E F G H I J K L M N O P Q R S T U V W X
i[17632,17663]:  Y Z A B C D E F G H I J K L M N O P Q R S T U V W X Y Z A B C D
i[17664,17695]:  E F G H I J K L M N O P Q R S T U V W X Y Z A B C D E F G H I J
i[17696,17727]:  K L M N O P Q R S T U V W X Y Z A B C D E F G H I J K L M N O P
i[17728,17759]:  Q R S T U V W X Y Z A B C D E F G H I J K L M N O P Q R S T U V
i[17760,17791]:  W X Y Z A B C D E F G H I J K L M N O P Q R S T U V W X Y Z A B
i[17792,17823]:  C D E F G H I J K L M N O P Q R S T U V W X Y Z A B C D E F G H
i[17824,17855]:  I J K L M N O P Q R S T U V W X Y Z A B C D E F G H I J K L M N
i[17856,17887]:  O P Q R S T U V W X Y Z A B C D E F G H I J K L M N O P Q R S T
i[17888,17919]:  U V W X Y Z A B C D E F G H I J K L M N O P Q R S T U V W X Y Z
i[17920,17951]:  A B C D E F G H I J K L M N O P Q R S T U V W X Y Z A B C D E F
i[17952,17983]:  G H I J K L M N O P Q R S T U V W X Y Z A B C D E F G H I J K L
i[17984,18015]:  M N O P Q R S T U V W X Y Z A B C D E F G H I J K L M N O P Q R
i[18016,18047]:  S T U V W X Y Z A B C D E F G H I J K L M N O P Q R S T U V W X
i[18048,18079]:  Y Z A B C D E F G H I J K L M N O P Q R S T U V W X Y Z A B C D
i[18080,18111]:  E F G H I J K L M N O P Q R S T U V W X Y Z A B C D E F G H I J
i[18112,18143]:  K L M N O P Q R S T U V W X Y Z A B C D E F G H I J K L M N O P
i[18144,18175]:  Q R S T U V W X Y Z A B C D E F G H I J K L M N O P Q R S T U V
i[18176,18207]:  W X Y Z A B C D E F G H I J K L M N O P Q R S T U V W X Y Z A B
i[18208,18239]:  C D E F G H I J K L M N O P Q R S T U V W X Y Z A B C D E F G H
i[18240,18271]:  I J K L M N O P Q R S T U V W X Y Z A B C D E F G H I J K L M N
i[18272,18303]:  O P Q R S T U V W X Y Z A B C D E F G H I J K L M N O P Q R S T
i[18304,18335]:  U V W X Y Z A B C D E F G H I J K L M N O P Q R S T U V W X Y Z
i[18336,18367]:  A B C D E F G H I J K L M N O P Q R S T U V W X Y Z A B C D E F
i[18368,18399]:  G H I J K L M N O P Q R S T U V W X Y Z A B C D E F G H I J K L
i[18400,18431]:  M N O P Q R S T U V W X Y Z A B C D E F G H I J K L M N O P Q R
i[18432,18463]:  S T U V W X Y Z A B C D E F G H I J K L M N O P Q R S T U V W X
i[18464,18495]:  Y Z A B C D E F G H I J K L M N O P Q R S T U V W X Y Z A B C D
i[18496,18527]:  E F G H I J K L M N O P Q R S T U V W X Y Z A B C D E F G H I J
i[18528,18559]:  K L M N O P Q R S T U V W X Y Z A B C D E F G H I J K L M N O P
i[18560,18591]:  Q R S T U V W X Y Z A B C D E F G H I J K L M N O P Q R S T U V
i[18592,18623]:  W X Y Z A B C D E F G H I J K L M N O P Q R S T U V W X Y Z A B
i[18624,18655]:  C D E F G H I J K L M N O P Q R S T U V W X Y Z A B C D E F G H
i[18656,18687]:  I J K L M N O P Q R S T U V W X Y Z A B C D E F G H I J K L M N
i[18688,18719]:  O P Q R S T U V W X Y Z A B C D E F G H I J K L M N O P Q R S T
i[18720,18751]:  U V W X Y Z A B C D E F G H I J K L M N O P Q R S T U V W X Y Z
i[18752,18783]:  A B C D E F G H I J K L M N O P Q R S T U V W X Y Z A B C D E F
i[18784,18815]:  G H I J K L M N O P Q R S T U V W X Y Z A B C D E F G H I J K L
i[18816,18847]:  M N O P Q R S T U V W X Y Z A B C D E F G H I J K L M N O P Q R
i[18848,18879]:  S T U V W X Y Z A B C D E F G H I J K L M N O P Q R S T U V W X
i[18880,18911]:  Y Z A B C D E F G H I J K L M N O P Q R S T U V W X Y Z A B C D
i[18912,18943]:  E F G H I J K L M N O P Q R S T U V W X Y Z A B C D E F G H I J
i[18944,18975]:  K L M N O P Q R S T U V W X Y Z A B C D E F G H I J K L M N O P
i[18976,19007]:  Q R S T U V W X Y Z A B C D E F G H I J K L M N O P Q R S T U V
i[19008,19039]:  W X Y Z A B C D E F G H I J K L M N O P Q R S T U V W X Y Z A B
i[19040,19071]:  C D E F G H I J K L M N O P Q R S T U V W X Y Z A B C D E F G H
i[19072,19103]:  I J K L M N O P Q R S T U V W X Y Z A B C D E F G H I J K L M N
i[19104,19135]:  O P Q R S T U V W X Y Z A B C D E F G H I J K L M N O P Q R S T
i[19136,19167]:  U V W X Y Z A B C D E F G H I J K L M N O P Q R S T U V W X Y Z
i[19168,19199]:  A B C D E F G H I J K L M N O P Q R S T U V W X Y Z A B C D E F
i[19200,19231]:  G H I J K L M N O P Q R S T U V W X Y Z A B C D E F G H I J K L
i[19232,19263]:  M N O P Q R S T U V W X Y Z A B C D E F G H I J K L M N O P Q R
i[19264,19295]:  S T U V W X Y Z A B C D E F G H I J K L M N O P Q R S T U V W X
i[19296,19327]:  Y Z A B C D E F G H I J K L M N O P Q R S T U V W X Y Z A B C D
i[19328,19359]:  E F G H I J K L M N O P Q R S T U V W X Y Z A B C D E F G H I J
i[19360,19391]:  K L M N O P Q R S T U V W X Y Z A B C D E F G H I J K L M N O P
i[19392,19423]:  Q R S T U V W X Y Z A B C D E F G H I J K L M N O P Q R S T U V
i[19424,19455]:  W X Y Z A B C D E F G H I J K L M N O P Q R S T U V W X Y Z A B
i[19456,19487]:  C D E F G H I J K L M N O P Q R S T U V W X Y Z A B C D E F G H
i[19488,19519]:  I J K L M N O P Q R S T U V W X Y Z A B C D E F G H I J K L M N
i[19520,19551]:  O P Q R S T U V W X Y Z A B C D E F G H I J K L M N O P Q R S T
i[19552,19583]:  U V W X Y Z A B C D E F G H I J K L M N O P Q R S T U V W X Y Z
i[19584,19615]:  A B C D E F G H I J K L M N O P Q R S T U V W X Y Z A B C D E F
i[19616,19647]:  G H I J K L M N O P Q R S T U V W X Y Z A B C D E F G H I J K L
i[19648,19679]:  M N O P Q R S T U V W X Y Z A B C D E F G H I J K L M N O P Q R
i[19680,19711]:  S T U V W X Y Z A B C D E F G H I J K L M N O P Q R S T U V W X
i[19712,19743]:  Y Z A B C D E F G H I J K L M N O P Q R S T U V W X Y Z A B C D
i[19744,19775]:  E F G H I J K L M N O P Q R S T U V W X Y Z A B C D E F G H I J
i[19776,19807]:  K L M N O P Q R S T U V W X Y Z A B C D E F G H I J K L M N O P
i[19808,19839]:  Q R S T U V W X Y Z A B C D E F G H I J K L M N O P Q R S T U V
i[19840,19871]:  W X Y Z A B C D E F G H I J K L M N O P Q R S T U V W X Y Z A B
i[19872,19903]:  C D E F G H I J K L M N O P Q R S T U V W X Y Z A B C D E F G H
i[19904,19935]:  I J K L M N O P Q R S T U V W X Y Z A B C D E F G H I J K L M N
i[19936,19967]:  O P Q R S T U V W X Y Z A B C D E F G H I J K L M N O P Q R S T
i[19968,19999]:  U V W X Y Z A B C D E F G H I J K L M N O P Q R S T U V W X Y Z
i[20000,20031]:  A B C D E F G H I J K L M N O P Q R S T U V W X Y Z A B C D E F
i[20032,20063]:  G H I J K L M N O P Q R S T U V W X Y Z A B C D E F G H I J K L
i[20064,20095]:  M N O P Q R S T U V W X Y Z A B C D E F G H I J K L M N O P Q R
i[20096,20127]:  S T U V W X Y Z A B C D E F G H I J K L M N O P Q R S T U V W X
i[20128,20159]:  Y Z A B C D E F G H I J K L M N O P Q R S T U V W X Y Z A B C D
i[20160,20191]:  E F G H I J K L M N O P Q R S T U V W X Y Z A B C D E F G H I J
i[20192,20223]:  K L M N O P Q R S T U V W X Y Z A B C D E F G H I J K L M N O P
i[20224,20255]:  Q R S T U V W X Y Z A B C D E F G H I J K L M N O P Q R S T U V
i[20256,20287]:  W X Y Z A B C D E F G H I J K L M N O P Q R S T U V W X Y Z A B
i[20288,20319]:  C D E F G H I J K L M N O P Q R S T U V W X Y Z A B C D E F G H
i[20320,20351]:  I J K L M N O P Q R S T U V W X Y Z A B C D E F G H I J K L M N
i[20352,20383]:  O P Q R S T U V W X Y Z A B C D E F G H I J K L M N O P Q R S T
i[20384,20415]:  U V W X Y Z A B C D E F G H I J K L M N O P Q R S T U V W X Y Z
i[20416,20447]:  A B C D E F G H I J K L M N O P Q R S T U V W X Y Z A B C D E F
i[20448,20479]:  G H I J K L M N O P Q R S T U V W X Y Z A B C D E F G H I J K L
i[20480,20511]:  M N O P Q R S T U V W X Y Z A B C D E F G H I J K L M N O P Q R
i[20512,20543]:  S T U V W X Y Z A B C D E F G H I J K L M N O P Q R S T U V W X
i[20544,20575]:  Y Z A B C D E F G H I J K L M N O P Q R S T U V W X Y Z A B C D
i[20576,20607]:  E F G H I J K L M N O P Q R S T U V W X Y Z A B C D E F G H I J
i[20608,20639]:  K L M N O P Q R S T U V W X Y Z A B C D E F G H I J K L M N O P
i[20640,20671]:  Q R S T U V W X Y Z A B C D E F G H I J K L M N O P Q R S T U V
i[20672,20703]:  W X Y Z A B C D E F G H I J K L M N O P Q R S T U V W X Y Z A B
i[20704,20735]:  C D E F G H I J K L M N O P Q R S T U V W X Y Z A B C D E F G H
i[20736,20767]:  I J K L M N O P Q R S T U V W X Y Z A B C D E F G H I J K L M N
i[20768,20799]:  O P Q R S T U V W X Y Z A B C D E F G H I J K L M N O P Q R S T
i[20800,20831]:  U V W X Y Z A B C D E F G H I J K L M N O P Q R S T U V W X Y Z
i[20832,20863]:  A B C D E F G H I J K L M N O P Q R S T U V W X Y Z A B C D E F
i[20864,20895]:  G H I J K L M N O P Q R S T U V W X Y Z A B C D E F G H I J K L
i[20896,20927]:  M N O P Q R S T U V W X Y Z A B C D E F G H I J K L M N O P Q R
i[20928,20959]:  S T U V W X Y Z A B C D E F G H I J K L M N O P Q R S T U V W X
i[20960,20991]:  Y Z A B C D E F G H I J K L M N O P Q R S T U V W X Y Z A B C D
i[20992,21023]:  E F G H I J K L M N O P Q R S T U V W X Y Z A B C D E F G H I J
i[21024,21055]:  K L M N O P Q R S T U V W X Y Z A B C D E F G H I J K L M N O P
i[21056,21087]:  Q R S T U V W X Y Z A B C D E F G H I J K L M N O P Q R S T U V
i[21088,21119]:  W X Y Z A B C D E F G H I J K L M N O P Q R S T U V W X Y Z A B
i[21120,21151]:  C D E F G H I J K L M N O P Q R S T U V W X Y Z A B C D E F G H
i[21152,21183]:  I J K L M N O P Q R S T U V W X Y Z A B C D E F G H I J K L M N
i[21184,21215]:  O P Q R S T U V W X Y Z A B C D E F G H I J K L M N O P Q R S T
i[21216,21247]:  U V W X Y Z A B C D E F G H I J K L M N O P Q R S T U V W X Y Z
i[21248,21279]:  A B C D E F G H I J K L M N O P Q R S T U V W X Y Z A B C D E F
i[21280,21311]:  G H I J K L M N O P Q R S T U V W X Y Z A B C D E F G H I J K L
i[21312,21343]:  M N O P Q R S T U V W X Y Z A B C D E F G H I J K L M N O P Q R
i[21344,21375]:  S T U V W X Y Z A B C D E F G H I J K L M N O P Q R S T U V W X
i[21376,21407]:  Y Z A B C D E F G H I J K L M N O P Q R S T U V W X Y Z A B C D
i[21408,21439]:  E F G H I J K L M N O P Q R S T U V W X Y Z A B C D E F G H I J
i[21440,21471]:  K L M N O P Q R S T U V W X Y Z A B C D E F G H I J K L M N O P
i[21472,21503]:  Q R S T U V W X Y Z A B C D E F G H I J K L M N O P Q R S T U V
i[21504,21535]:  W X Y Z A B C D E F G H I J K L M N O P Q R S T U V W X Y Z A B
i[21536,21567]:  C D E F G H I J K L M N O P Q R S T U V W X Y Z A B C D E F G H
i[21568,21599]:  I J K L M N O P Q R S T U V W X Y Z A B C D E F G H I J K L M N
i[21600,21631]:  O P Q R S T U V W X Y Z A B C D E F G H I J K L M N O P Q R S T
i[21632,21663]:  U V W X Y Z A B C D E F G H I J K L M N O P Q R S T U V W X Y Z
i[21664,21695]:  A B C D E F G H I J K L M N O P Q R S T U V W X Y Z A B C D E F
i[21696,21727]:  G H I J K L M N O P Q R S T U V W X Y Z A B C D E F G H I J K L
i[21728,21759]:  M N O P Q R S T U V W X Y Z A B C D E F G H I J K L M N O P Q R
i[21760,21791]:  S T U V W X Y Z A B C D E F G H I J K L M N O P Q R S T U V W X
i[21792,21823]:  Y Z A B C D E F G H I J K L M N O P Q R S T U V W X Y Z A B C D
i[21824,21855]:  E F G H I J K L M N O P Q R S T U V W X Y Z A B C D E F G H I J
i[21856,21887]:  K L M N O P Q R S T U V W X Y Z A B C D E F G H I J K L M N O P
i[21888,21919]:  Q R S T U V W X Y Z A B C D E F G H I J K L M N O P Q R S T U V
i[21920,21951]:  W X Y Z A B C D E F G H I J K L M N O P Q R S T U V W X Y Z A B
i[21952,21983]:  C D E F G H I J K L M N O P Q R S T U V W X Y Z A B C D E F G H
i[21984,22015]:  I J K L M N O P Q R S T U V W X Y Z A B C D E F G H I J K L M N
i[22016,22047]:  O P Q R S T U V W X Y Z A B C D E F G H I J K L M N O P Q R S T
i[22048,22079]:  U V W X Y Z A B C D E F G H I J K L M N O P Q R S T U V W X Y Z
i[22080,22111]:  A B C D E F G H I J K L M N O P Q R S T U V W X Y Z A B C D E F
i[22112,22143]:  G H I J K L M N O P Q R S T U V W X Y Z A B C D E F G H I J K L
i[22144,22175]:  M N O P Q R S T U V W X Y Z A B C D E F G H I J K L M N O P Q R
i[22176,22207]:  S T U V W X Y Z A B C D E F G H I J K L M N O P Q R S T U V W X
i[22208,22239]:  Y Z A B C D E F G H I J K L M N O P Q R S T U V W X Y Z A B C D
i[22240,22271]:  E F G H I J K L M N O P Q R S T U V W X Y Z A B C D E F G H I J
i[22272,22303]:  K L M N O P Q R S T U V W X Y Z A B C D E F G H I J K L M N O P
i[22304,22335]:  Q R S T U V W X Y Z A B C D E F G H I J K L M N O P Q R S T U V
i[22336,22367]:  W X Y Z A B C D E F G H I J K L M N O P Q R S T U V W X Y Z A B
i[22368,22399]:  C D E F G H I J K L M N O P Q R S T U V W X Y Z A B C D E F G H
i[22400,22431]:  I J K L M N O P Q R S T U V W X Y Z A B C D E F G H I J K L M N
i[22432,22463]:  O P Q R S T U V W X Y Z A B C D E F G H I J K L M N O P Q R S T
i[22464,22495]:  U V W X Y Z A B C D E F G H I J K L M N O P Q R S T U V W X Y Z
i[22496,22527]:  A B C D E F G H I J K L M N O P Q R S T U V W X Y Z A B C D E F
i[22528,22559]:  G H I J K L M N O P Q R S T U V W X Y Z A B C D E F G H I J K L
i[22560,22591]:  M N O P Q R S T U V W X Y Z A B C D E F G H I J K L M N O P Q R
i[22592,22623]:  S T U V W X Y Z A B C D E F G H I J K L M N O P Q R S T U V W X
i[22624,22655]:  Y Z A B C D E F G H I J K L M N O P Q R S T U V W X Y Z A B C D
i[22656,22687]:  E F G H I J K L M N O P Q R S T U V W X Y Z A B C D E F G H I J
i[22688,22719]:  K L M N O P Q R S T U V W X Y Z A B C D E F G H I J K L M N O P
i[22720,22751]:  Q R S T U V W X Y Z A B C D E F G H I J K L M N O P Q R S T U V
i[22752,22783]:  W X Y Z A B C D E F G H I J K L M N O P Q R S T U V W X Y Z A B
i[22784,22815]:  C D E F G H I J K L M N O P Q R S T U V W X Y Z A B C D E F G H
i[22816,22847]:  I J K L M N O P Q R S T U V W X Y Z A B C D E F G H I J K L M N
i[22848,22879]:  O P Q R S T U V W X Y Z A B C D E F G H I J K L M N O P Q R S T
i[22880,22911]:  U V W X Y Z A B C D E F G H I J K L M N O P Q R S T U V W X Y Z
i[22912,22943]:  A B C D E F G H I J K L M N O P Q R S T U V W X Y Z A B C D E F
i[22944,22975]:  G H I J K L M N O P Q R S T U V W X Y Z A B C D E F G H I J K L
i[22976,23007]:  M N O P Q R S T U V W X Y Z A B C D E F G H I J K L M N O P Q R
i[23008,23039]:  S T U V W X Y Z A B C D E F G H I J K L M N O P Q R S T U V W X
i[23040,23071]:  Y Z A B C D E F G H I J K L M N O P Q R S T U V W X Y Z A B C D
i[23072,23103]:  E F G H I J K L M N O P Q R S T U V W X Y Z A B C D E F G H I J
i[23104,23135]:  K L M N O P Q R S T U V W X Y Z A B C D E F G H I J K L M N O P
i[23136,23167]:  Q R S T U V W X Y Z A B C D E F G H I J K L M N O P Q R S T U V
i[23168,23199]:  W X Y Z A B C D E F G H I J K L M N O P Q R S T U V W X Y Z A B
i[23200,23231]:  C D E F G H I J K L M N O P Q R S T U V W X Y Z A B C D E F G H
i[23232,23263]:  I J K L M N O P Q R S T U V W X Y Z A B C D E F G H I J K L M N
i[23264,23295]:  O P Q R S T U V W X Y Z A B C D E F G H I J K L M N O P Q R S T
i[23296,23327]:  U V W X Y Z A B C D E F G H I J K L M N O P Q R S T U V W X Y Z
i[23328,23359]:  A B C D E F G H I J K L M N O P Q R S T U V W X Y Z A B C D E F
i[23360,23391]:  G H I J K L M N O P Q R S T U V W X Y Z A B C D E F G H I J K L
i[23392,23423]:  M N O P Q R S T U V W X Y Z A B C D E F G H I J K L M N O P Q R
i[23424,23455]:  S T U V W X Y Z A B C D E F G H I J K L M N O P Q R S T U V W X
i[23456,23487]:  Y Z A B C D E F G H I J K L M N O P Q R S T U V W X Y Z A B C D
i[23488,23519]:  E F G H I J K L M N O P Q R S T U V W X Y Z A B C D E F G H I J
i[23520,23551]:  K L M N O P Q R S T U V W X Y Z A B C D E F G H I J K L M N O P
i[23552,23583]:  Q R S T U V W X Y Z A B C D E F G H I J K L M N O P Q R S T U V
i[23584,23615]:  W X Y Z A B C D E F G H I J K L M N O P Q R S T U V W X Y Z A B
i[23616,23647]:  C D E F G H I J K L M N O P Q R S T U V W X Y Z A B C D E F G H
i[23648,23679]:  I J K L M N O P Q R S T U V W X Y Z A B C D E F G H I J K L M N
i[23680,23711]:  O P Q R S T U V W X Y Z A B C D E F G H I J K L M N O P Q R S T
i[23712,23743]:  U V W X Y Z A B C D E F G H I J K L M N O P Q R S T U V W X Y Z
i[23744,23775]:  A B C D E F G H I J K L M N O P Q R S T U V W X Y Z A B C D E F
i[23776,23807]:  G H I J K L M N O P Q R S T U V W X Y Z A B C D E F G H I J K L
i[23808,23839]:  M N O P Q R S T U V W X Y Z A B C D E F G H I J K L M N O P Q R
i[23840,23871]:  S T U V W X Y Z A B C D E F G H I J K L M N O P Q R S T U V W X
i[23872,23903]:  Y Z A B C D E F G H I J K L M N O P Q R S T U V W X Y Z A B C D
i[23904,23935]:  E F G H I J K L M N O P Q R S T U V W X Y Z A B C D E F G H I J
i[23936,23967]:  K L M N O P Q R S T U V W X Y Z A B C D E F G H I J K L M N O P
i[23968,23999]:  Q R S T U V W X Y Z A B C D E F G H I J K L M N O P Q R S T U V
i[24000,24031]:  W X Y Z A B C D E F G H I J K L M N O P Q R S T U V W X Y Z A B
i[24032,24063]:  C D E F G H I J K L M N O P Q R S T U V W X Y Z A B C D E F G H
i[24064,24095]:  I J K L M N O P Q R S T U V W X Y Z A B C D E F G H I J K L M N
i[24096,24127]:  O P Q R S T U V W X Y Z A B C D E F G H I J K L M N O P Q R S T
i[24128,24159]:  U V W X Y Z A B C D E F G H I J K L M N O P Q R S T U V W X Y Z
i[24160,24191]:  A B C D E F G H I J K L M N O P Q R S T U V W X Y Z A B C D E F
i[24192,24223]:  G H I J K L M N O P Q R S T U V W X Y Z A B C D E F G H I J K L
i[24224,24255]:  M N O P Q R S T U V W X Y Z A B C D E F G H I J K L M N O P Q R
i[24256,24287]:  S T U V W X Y Z A B C D E F G H I J K L M N O P Q R S T U V W X
i[24288,24319]:  Y Z A B C D E F G H I J K L M N O P Q R S T U V W X Y Z A B C D
i[24320,24351]:  E F G H I J K L M N O P Q R S T U V W X Y Z A B C D E F G H I J
i[24352,24383]:  K L M N O P Q R S T U V W X Y Z A B C D E F G H I J K L M N O P
i[24384,24415]:  Q R S T U V W X Y Z A B C D E F G H I J K L M N O P Q R S T U V
i[24416,24447]:  W X Y Z A B C D E F G H I J K L M N O P Q R S T U V W X Y Z A B
i[24448,24479]:  C D E F G H I J K L M N O P Q R S T U V W X Y Z A B C D E F G H
i[24480,24511]:  I J K L M N O P Q R S T U V W X Y Z A B C D E F G H I J K L M N
i[24512,24543]:  O P Q R S T U V W X Y Z A B C D E F G H I J K L M N O P Q R S T
i[24544,24575]:  U V W X Y Z A B C D E F G H I J K L M N O P Q R S T U V W X Y Z
i[24576,24607]:  A B C D E F G H I J K L M N O P Q R S T U V W X Y Z A B C D E F
i[24608,24639]:  G H I J K L M N O P Q R S T U V W X Y Z A B C D E F G H I J K L
i[24640,24671]:  M N O P Q R S T U V W X Y Z A B C D E F G H I J K L M N O P Q R
i[24672,24703]:  S T U V W X Y Z A B C D E F G H I J K L M N O P Q R S T U V W X
i[24704,24735]:  Y Z A B C D E F G H I J K L M N O P Q R S T U V W X Y Z A B C D
i[24736,24767]:  E F G H I J K L M N O P Q R S T U V W X Y Z A B C D E F G H I J
i[24768,24799]:  K L M N O P Q R S T U V W X Y Z A B C D E F G H I J K L M N O P
i[24800,24831]:  Q R S T U V W X Y Z A B C D E F G H I J K L M N O P Q R S T U V
i[24832,24863]:  W X Y Z A B C D E F G H I J K L M N O P Q R S T U V W X Y Z A B
i[24864,24895]:  C D E F G H I J K L M N O P Q R S T U V W X Y Z A B C D E F G H
i[24896,24927]:  I J K L M N O P Q R S T U V W X Y Z A B C D E F G H I J K L M N
i[24928,24959]:  O P Q R S T U V W X Y Z A B C D E F G H I J K L M N O P Q R S T
i[24960,24991]:  U V W X Y Z A B C D E F G H I J K L M N O P Q R S T U V W X Y Z
i[24992,25023]:  A B C D E F G H I J K L M N O P Q R S T U V W X Y Z A B C D E F
i[25024,25055]:  G H I J K L M N O P Q R S T U V W X Y Z A B C D E F G H I J K L
i[25056,25087]:  M N O P Q R S T U V W X Y Z A B C D E F G H I J K L M N O P Q R
i[25088,25119]:  S T U V W X Y Z A B C D E F G H I J K L M N O P Q R S T U V W X
i[25120,25151]:  Y Z A B C D E F G H I J K L M N O P Q R S T U V W X Y Z A B C D
i[25152,25183]:  E F G H I J K L M N O P Q R S T U V W X Y Z A B C D E F G H I J
i[25184,25215]:  K L M N O P Q R S T U V W X Y Z A B C D E F G H I J K L M N O P
i[25216,25247]:  Q R S T U V W X Y Z A B C D E F G H I J K L M N O P Q R S T U V
i[25248,25279]:  W X Y Z A B C D E F G H I J K L M N O P Q R S T U V W X Y Z A B
i[25280,25311]:  C D E F G H I J K L M N O P Q R S T U V W X Y Z A B C D E F G H
i[25312,25343]:  I J K L M N O P Q R S T U V W X Y Z A B C D E F G H I J K L M N
i[25344,25375]:  O P Q R S T U V W X Y Z A B C D E F G H I J K L M N O P Q R S T
i[25376,25407]:  U V W X Y Z A B C D E F G H I J K L M N O P Q R S T U V W X Y Z
i[25408,25439]:  A B C D E F G H I J K L M N O P Q R S T U V W X Y Z A B C D E F
i[25440,25471]:  G H I J K L M N O P Q R S T U V W X Y Z A B C D E F G H I J K L
i[25472,25503]:  M N O P Q R S T U V W X Y Z A B C D E F G H I J K L M N O P Q R
i[25504,25535]:  S T U V W X Y Z A B C D E F G H I J K L M N O P Q R S T U V W X
i[25536,25567]:  Y Z A B C D E F G H I J K L M N O P Q R S T U V W X Y Z A B C D
i[25568,25599]:  E F G H I J K L M N O P Q R S T U V W X Y Z A B C D E F G H I J
i[25600,25631]:  K L M N O P Q R S T U V W X Y Z A B C D E F G H I J K L M N O P
i[25632,25663]:  Q R S T U V W X Y Z A B C D E F G H I J K L M N O P Q R S T U V
i[25664,25695]:  W X Y Z A B C D E F G H I J K L M N O P Q R S T U V W X Y Z A B
i[25696,25727]:  C D E F G H I J K L M N O P Q R S T U V W X Y Z A B C D E F G H
i[25728,25759]:  I J K L M N O P Q R S T U V W X Y Z A B C D E F G H I J K L M N
i[25760,25791]:  O P Q R S T U V W X Y Z A B C D E F G H I J K L M N O P Q R S T
i[25792,25823]:  U V W X Y Z A B C D E F G H I J K L M N O P Q R S T U V W X Y Z
i[25824,25855]:  A B C D E F G H I J K L M N O P Q R S T U V W X Y Z A B C D E F
i[25856,25887]:  G H I J K L M N O P Q R S T U V W X Y Z A B C D E F G H I J K L
i[25888,25919]:  M N O P Q R S T U V W X Y Z A B C D E F G H I J K L M N O P Q R
i[25920,25951]:  S T U V W X Y Z A B C D E F G H I J K L M N O P Q R S T U V W X
i[25952,25983]:  Y Z A B C D E F G H I J K L M N O P Q R S T U V W X Y Z A B C D
i[25984,26015]:  E F G H I J K L M N O P Q R S T U V W X Y Z A B C D E F G H I J
i[26016,26047]:  K L M N O P Q R S T U V W X Y Z A B C D E F G H I J K L M N O P
i[26048,26079]:  Q R S T U V W X Y Z A B C D E F G H I J K L M N O P Q R S T U V
i[26080,26111]:  W X Y Z A B C D E F G H I J K L M N O P Q R S T U V W X Y Z A B
i[26112,26143]:  C D E F G H I J K L M N O P Q R S T U V W X Y Z A B C D E F G H
i[26144,26175]:  I J K L M N O P Q R S T U V W X Y Z A B C D E F G H I J K L M N
i[26176,26207]:  O P Q R S T U V W X Y Z A B C D E F G H I J K L M N O P Q R S T
i[26208,26239]:  U V W X Y Z A B C D E F G H I J K L M N O P Q R S T U V W X Y Z
i[26240,26271]:  A B C D E F G H I J K L M N O P Q R S T U V W X Y Z A B C D E F
i[26272,26303]:  G H I J K L M N O P Q R S T U V W X Y Z A B C D E F G H I J K L
i[26304,26335]:  M N O P Q R S T U V W X Y Z A B C D E F G H I J K L M N O P Q R
i[26336,26367]:  S T U V W X Y Z A B C D E F G H I J K L M N O P Q R S T U V W X
i[26368,26399]:  Y Z A B C D E F G H I J K L M N O P Q R S T U V W X Y Z A B C D
i[26400,26431]:  E F G H I J K L M N O P Q R S T U V W X Y Z A B C D E F G H I J
i[26432,26463]:  K L M N O P Q R S T U V W X Y Z A B C D E F G H I J K L M N O P
i[26464,26495]:  Q R S T U V W X Y Z A B C D E F G H I J K L M N O P Q R S T U V
i[26496,26527]:  W X Y Z A B C D E F G H I J K L M N O P Q R S T U V W X Y Z A B
i[26528,26559]:  C D E F G H I J K L M N O P Q R S T U V W X Y Z A B C D E F G H
i[26560,26591]:  I J K L M N O P Q R S T U V W X Y Z A B C D E F G H I J K L M N
i[26592,26623]:  O P Q R S T U V W X Y Z A B C D E F G H I J K L M N O P Q R S T
i[26624,26655]:  U V W X Y Z A B C D E F G H I J K L M N O P Q R S T U V W X Y Z
i[26656,26687]:  A B C D E F G H I J K L M N O P Q R S T U V W X Y Z A B C D E F
i[26688,26719]:  G H I J K L M N O P Q R S T U V W X Y Z A B C D E F G H I J K L
i[26720,26751]:  M N O P Q R S T U V W X Y Z A B C D E F G H I J K L M N O P Q R
i[26752,26783]:  S T U V W X Y Z A B C D E F G H I J K L M N O P Q R S T U V W X
i[26784,26815]:  Y Z A B C D E F G H I J K L M N O P Q R S T U V W X Y Z A B C D
i[26816,26847]:  E F G H I J K L M N O P Q R S T U V W X Y Z A B C D E F G H I J
i[26848,26879]:  K L M N O P Q R S T U V W X Y Z A B C D E F G H I J K L M N O P
i[26880,26911]:  Q R S T U V W X Y Z A B C D E F G H I J K L M N O P Q R S T U V
i[26912,26943]:  W X Y Z A B C D E F G H I J K L M N O P Q R S T U V W X Y Z A B
i[26944,26975]:  C D E F G H I J K L M N O P Q R S T U V W X Y Z A B C D E F G H
i[26976,27007]:  I J K L M N O P Q R S T U V W X Y Z A B C D E F G H I J K L M N
i[27008,27039]:  O P Q R S T U V W X Y Z A B C D E F G H I J K L M N O P Q R S T
i[27040,27071]:  U V W X Y Z A B C D E F G H I J K L M N O P Q R S T U V W X Y Z
i[27072,27103]:  A B C D E F G H I J K L M N O P Q R S T U V W X Y Z A B C D E F
i[27104,27135]:  G H I J K L M N O P Q R S T U V W X Y Z A B C D E F G H I J K L
i[27136,27167]:  M N O P Q R S T U V W X Y Z A B C D E F G H I J K L M N O P Q R
i[27168,27199]:  S T U V W X Y Z A B C D E F G H I J K L M N O P Q R S T U V W X
i[27200,27231]:  Y Z A B C D E F G H I J K L M N O P Q R S T U V W X Y Z A B C D
i[27232,27263]:  E F G H I J K L M N O P Q R S T U V W X Y Z A B C D E F G H I J
i[27264,27295]:  K L M N O P Q R S T U V W X Y Z A B C D E F G H I J K L M N O P
i[27296,27327]:  Q R S T U V W X Y Z A B C D E F G H I J K L M N O P Q R S T U V
i[27328,27359]:  W X Y Z A B C D E F G H I J K L M N O P Q R S T U V W X Y Z A B
i[27360,27391]:  C D E F G H I J K L M N O P Q R S T U V W X Y Z A B C D E F G H
i[27392,27423]:  I J K L M N O P Q R S T U V W X Y Z A B C D E F G H I J K L M N
i[27424,27455]:  O P Q R S T U V W X Y Z A B C D E F G H I J K L M N O P Q R S T
i[27456,27487]:  U V W X Y Z A B C D E F G H I J K L M N O P Q R S T U V W X Y Z
i[27488,27519]:  A B C D E F G H I J K L M N O P Q R S T U V W X Y Z A B C D E F
i[27520,27551]:  G H I J K L M N O P Q R S T U V W X Y Z A B C D E F G H I J K L
i[27552,27583]:  M N O P Q R S T U V W X Y Z A B C D E F G H I J K L M N O P Q R
i[27584,27615]:  S T U V W X Y Z A B C D E F G H I J K L M N O P Q R S T U V W X
i[27616,27647]:  Y Z A B C D E F G H I J K L M N O P Q R S T U V W X Y Z A B C D
i[27648,27679]:  E F G H I J K L M N O P Q R S T U V W X Y Z A B C D E F G H I J
i[27680,27711]:  K L M N O P Q R S T U V W X Y Z A B C D E F G H I J K L M N O P
i[27712,27743]:  Q R S T U V W X Y Z A B C D E F G H I J K L M N O P Q R S T U V
i[27744,27775]:  W X Y Z A B C D E F G H I J K L M N O P Q R S T U V W X Y Z A B
i[27776,27807]:  C D E F G H I J K L M N O P Q R S T U V W X Y Z A B C D E F G H
i[27808,27839]:  I J K L M N O P Q R S T U V W X Y Z A B C D E F G H I J K L M N
i[27840,27871]:  O P Q R S T U V W X Y Z A B C D E F G H I J K L M N O P Q R S T
i[27872,27903]:  U V W X Y Z A B C D E F G H I J K L M N O P Q R S T U V W X Y Z
i[27904,27935]:  A B C D E F G H I J K L M N O P Q R S T U V W X Y Z A B C D E F
i[27936,27967]:  G H I J K L M N O P Q R S T U V W X Y Z A B C D E F G H I J K L
i[27968,27999]:  M N O P Q R S T U V W X Y Z A B C D E F G H I J K L M N O P Q R
i[28000,28031]:  S T U V W X Y Z A B C D E F G H I J K L M N O P Q R S T U V W X
i[28032,28063]:  Y Z A B C D E F G H I J K L M N O P Q R S T U V W X Y Z A B C D
i[28064,28095]:  E F G H I J K L M N O P Q R S T U V W X Y Z A B C D E F G H I J
i[28096,28127]:  K L M N O P Q R S T U V W X Y Z A B C D E F G H I J K L M N O P
i[28128,28159]:  Q R S T U V W X Y Z A B C D E F G H I J K L M N O P Q R S T U V
i[28160,28191]:  W X Y Z A B C D E F G H I J K L M N O P Q R S T U V W X Y Z A B
i[28192,28223]:  C D E F G H I J K L M N O P Q R S T U V W X Y Z A B C D E F G H
i[28224,28255]:  I J K L M N O P Q R S T U V W X Y Z A B C D E F G H I J K L M N
i[28256,28287]:  O P Q R S T U V W X Y Z A B C D E F G H I J K L M N O P Q R S T
i[28288,28319]:  U V W X Y Z A B C D E F G H I J K L M N O P Q R S T U V W X Y Z
i[28320,28351]:  A B C D E F G H I J K L M N O P Q R S T U V W X Y Z A B C D E F
i[28352,28383]:  G H I J K L M N O P Q R S T U V W X Y Z A B C D E F G H I J K L
i[28384,28415]:  M N O P Q R S T U V W X Y Z A B C D E F G H I J K L M N O P Q R
i[28416,28447]:  S T U V W X Y Z A B C D E F G H I J K L M N O P Q R S T U V W X
i[28448,28479]:  Y Z A B C D E F G H I J K L M N O P Q R S T U V W X Y Z A B C D
i[28480,28511]:  E F G H I J K L M N O P Q R S T U V W X Y Z A B C D E F G H I J
i[28512,28543]:  K L M N O P Q R S T U V W X Y Z A B C D E F G H I J K L M N O P
i[28544,28575]:  Q R S T U V W X Y Z A B C D E F G H I J K L M N O P Q R S T U V
i[28576,28607]:  W X Y Z A B C D E F G H I J K L M N O P Q R S T U V W X Y Z A B
i[28608,28639]:  C D E F G H I J K L M N O P Q R S T U V W X Y Z A B C D E F G H
i[28640,28671]:  I J K L M N O P Q R S T U V W X Y Z A B C D E F G H I J K L M N
i[28672,28703]:  O P Q R S T U V W X Y Z A B C D E F G H I J K L M N O P Q R S T
i[28704,28735]:  U V W X Y Z A B C D E F G H I J K L M N O P Q R S T U V W X Y Z
i[28736,28767]:  A B C D E F G H I J K L M N O P Q R S T U V W X Y Z A B C D E F
i[28768,28799]:  G H I J K L M N O P Q R S T U V W X Y Z A B C D E F G H I J K L
i[28800,28831]:  M N O P Q R S T U V W X Y Z A B C D E F G H I J K L M N O P Q R
i[28832,28863]:  S T U V W X Y Z A B C D E F G H I J K L M N O P Q R S T U V W X
i[28864,28895]:  Y Z A B C D E F G H I J K L M N O P Q R S T U V W X Y Z A B C D
i[28896,28927]:  E F G H I J K L M N O P Q R S T U V W X Y Z A B C D E F G H I J
i[28928,28959]:  K L M N O P Q R S T U V W X Y Z A B C D E F G H I J K L M N O P
i[28960,28991]:  Q R S T U V W X Y Z A B C D E F G H I J K L M N O P Q R S T U V
i[28992,29023]:  W X Y Z A B C D E F G H I J K L M N O P Q R S T U V W X Y Z A B
i[29024,29055]:  C D E F G H I J K L M N O P Q R S T U V W X Y Z A B C D E F G H
i[29056,29087]:  I J K L M N O P Q R S T U V W X Y Z A B C D E F G H I J K L M N
i[29088,29119]:  O P Q R S T U V W X Y Z A B C D E F G H I J K L M N O P Q R S T
i[29120,29151]:  U V W X Y Z A B C D E F G H I J K L M N O P Q R S T U V W X Y Z
i[29152,29183]:  A B C D E F G H I J K L M N O P Q R S T U V W X Y Z A B C D E F
i[29184,29215]:  G H I J K L M N O P Q R S T U V W X Y Z A B C D E F G H I J K L
i[29216,29247]:  M N O P Q R S T U V W X Y Z A B C D E F G H I J K L M N O P Q R
i[29248,29279]:  S T U V W X Y Z A B C D E F G H I J K L M N O P Q R S T U V W X
i[29280,29311]:  Y Z A B C D E F G H I J K L M N O P Q R S T U V W X Y Z A B C D
i[29312,29343]:  E F G H I J K L M N O P Q R S T U V W X Y Z A B C D E F G H I J
i[29344,29375]:  K L M N O P Q R S T U V W X Y Z A B C D E F G H I J K L M N O P
i[29376,29407]:  Q R S T U V W X Y Z A B C D E F G H I J K L M N O P Q R S T U V
i[29408,29439]:  W X Y Z A B C D E F G H I J K L M N O P Q R S T U V W X Y Z A B
i[29440,29471]:  C D E F G H I J K L M N O P Q R S T U V W X Y Z A B C D E F G H
i[29472,29503]:  I J K L M N O P Q R S T U V W X Y Z A B C D E F G H I J K L M N
i[29504,29535]:  O P Q R S T U V W X Y Z A B C D E F G H I J K L M N O P Q R S T
i[29536,29567]:  U V W X Y Z A B C D E F G H I J K L M N O P Q R S T U V W X Y Z
i[29568,29599]:  A B C D E F G H I J K L M N O P Q R S T U V W X Y Z A B C D E F
i[29600,29631]:  G H I J K L M N O P Q R S T U V W X Y Z A B C D E F G H I J K L
i[29632,29663]:  M N O P Q R S T U V W X Y Z A B C D E F G H I J K L M N O P Q R
i[29664,29695]:  S T U V W X Y Z A B C D E F G H I J K L M N O P Q R S T U V W X
i[29696,29727]:  Y Z A B C D E F G H I J K L M N O P Q R S T U V W X Y Z A B C D
i[29728,29759]:  E F G H I J K L M N O P Q R S T U V W X Y Z A B C D E F G H I J
i[29760,29791]:  K L M N O P Q R S T U V W X Y Z A B C D E F G H I J K L M N O P
i[29792,29823]:  Q R S T U V W X Y Z A B C D E F G H I J K L M N O P Q R S T U V
i[29824,29855]:  W X Y Z A B C D E F G H I J K L M N O P Q R S T U V W X Y Z A B
i[29856,29887]:  C D E F G H I J K L M N O P Q R S T U V W X Y Z A B C D E F G H
i[29888,29919]:  I J K L M N O P Q R S T U V W X Y Z A B C D E F G H I J K L M N
i[29920,29951]:  O P Q R S T U V W X Y Z A B C D E F G H I J K L M N O P Q R S T
i[29952,29983]:  U V W X Y Z A B C D E F G H I J K L M N O P Q R S T U V W X Y Z
i[29984,30015]:  A B C D E F G H I J K L M N O P Q R S T U V W X Y Z A B C D E F
i[30016,30047]:  G H I J K L M N O P Q R S T U V W X Y Z A B C D E F G H I J K L
i[30048,30079]:  M N O P Q R S T U V W X Y Z A B C D E F G H I J K L M N O P Q R
i[30080,30111]:  S T U V W X Y Z A B C D E F G H I J K L M N O P Q R S T U V W X
i[30112,30143]:  Y Z A B C D E F G H I J K L M N O P Q R S T U V W X Y Z A B C D
i[30144,30175]:  E F G H I J K L M N O P Q R S T U V W X Y Z A B C D E F G H I J
i[30176,30207]:  K L M N O P Q R S T U V W X Y Z A B C D E F G H I J K L M N O P
i[30208,30239]:  Q R S T U V W X Y Z A B C D E F G H I J K L M N O P Q R S T U V
i[30240,30271]:  W X Y Z A B C D E F G H I J K L M N O P Q R S T U V W X Y Z A B
i[30272,30303]:  C D E F G H I J K L M N O P Q R S T U V W X Y Z A B C D E F G H
i[30304,30335]:  I J K L M N O P Q R S T U V W X Y Z A B C D E F G H I J K L M N
i[30336,30367]:  O P Q R S T U V W X Y Z A B C D E F G H I J K L M N O P Q R S T
i[30368,30399]:  U V W X Y Z A B C D E F G H I J K L M N O P Q R S T U V W X Y Z
i[30400,30431]:  A B C D E F G H I J K L M N O P Q R S T U V W X Y Z A B C D E F
i[30432,30463]:  G H I J K L M N O P Q R S T U V W X Y Z A B C D E F G H I J K L
i[30464,30495]:  M N O P Q R S T U V W X Y Z A B C D E F G H I J K L M N O P Q R
i[30496,30527]:  S T U V W X Y Z A B C D E F G H I J K L M N O P Q R S T U V W X
i[30528,30559]:  Y Z A B C D E F G H I J K L M N O P Q R S T U V W X Y Z A B C D
i[30560,30591]:  E F G H I J K L M N O P Q R S T U V W X Y Z A B C D E F G H I J
i[30592,30623]:  K L M N O P Q R S T U V W X Y Z A B C D E F G H I J K L M N O P
i[30624,30655]:  Q R S T U V W X Y Z A B C D E F G H I J K L M N O P Q R S T U V
i[30656,30687]:  W X Y Z A B C D E F G H I J K L M N O P Q R S T U V W X Y Z A B
i[30688,30719]:  C D E F G H I J K L M N O P Q R S T U V W X Y Z A B C D E F G H
i[30720,30751]:  I J K L M N O P Q R S T U V W X Y Z A B C D E F G H I J K L M N
i[30752,30783]:  O P Q R S T U V W X Y Z A B C D E F G H I J K L M N O P Q R S T
i[30784,30815]:  U V W X Y Z A B C D E F G H I J K L M N O P Q R S T U V W X Y Z
i[30816,30847]:  A B C D E F G H I J K L M N O P Q R S T U V W X Y Z A B C D E F
i[30848,30879]:  G H I J K L M N O P Q R S T U V W X Y Z A B C D E F G H I J K L
i[30880,30911]:  M N O P Q R S T U V W X Y Z A B C D E F G H I J K L M N O P Q R
i[30912,30943]:  S T U V W X Y Z A B C D E F G H I J K L M N O P Q R S T U V W X
i[30944,30975]:  Y Z A B C D E F G H I J K L M N O P Q R S T U V W X Y Z A B C D
i[30976,31007]:  E F G H I J K L M N O P Q R S T U V W X Y Z A B C D E F G H I J
i[31008,31039]:  K L M N O P Q R S T U V W X Y Z A B C D E F G H I J K L M N O P
i[31040,31071]:  Q R S T U V W X Y Z A B C D E F G H I J K L M N O P Q R S T U V
i[31072,31103]:  W X Y Z A B C D E F G H I J K L M N O P Q R S T U V W X Y Z A B
i[31104,31135]:  C D E F G H I J K L M N O P Q R S T U V W X Y Z A B C D E F G H
i[31136,31167]:  I J K L M N O P Q R S T U V W X Y Z A B C D E F G H I J K L M N
i[31168,31199]:  O P Q R S T U V W X Y Z A B C D E F G H I J K L M N O P Q R S T
i[31200,31231]:  U V W X Y Z A B C D E F G H I J K L M N O P Q R S T U V W X Y Z
i[31232,31263]:  A B C D E F G H I J K L M N O P Q R S T U V W X Y Z A B C D E F
i[31264,31295]:  G H I J K L M N O P Q R S T U V W X Y Z A B C D E F G H I J K L
i[31296,31327]:  M N O P Q R S T U V W X Y Z A B C D E F G H I J K L M N O P Q R
i[31328,31359]:  S T U V W X Y Z A B C D E F G H I J K L M N O P Q R S T U V W X
i[31360,31391]:  Y Z A B C D E F G H I J K L M N O P Q R S T U V W X Y Z A B C D
i[31392,31423]:  E F G H I J K L M N O P Q R S T U V W X Y Z A B C D E F G H I J
i[31424,31455]:  K L M N O P Q R S T U V W X Y Z A B C D E F G H I J K L M N O P
i[31456,31487]:  Q R S T U V W X Y Z A B C D E F G H I J K L M N O P Q R S T U V
i[31488,31519]:  W X Y Z A B C D E F G H I J K L M N O P Q R S T U V W X Y Z A B
i[31520,31551]:  C D E F G H I J K L M N O P Q R S T U V W X Y Z A B C D E F G H
i[31552,31583]:  I J K L M N O P Q R S T U V W X Y Z A B C D E F G H I J K L M N
i[31584,31615]:  O P Q R S T U V W X Y Z A B C D E F G H I J K L M N O P Q R S T
i[31616,31647]:  U V W X Y Z A B C D E F G H I J K L M N O P Q R S T U V W X Y Z
i[31648,31679]:  A B C D E F G H I J K L M N O P Q R S T U V W X Y Z A B C D E F
i[31680,31711]:  G H I J K L M N O P Q R S T U V W X Y Z A B C D E F G H I J K L
i[31712,31743]:  M N O P Q R S T U V W X Y Z A B C D E F G H I J K L M N O P Q R
i[31744,31775]:  S T U V W X Y Z A B C D E F G H I J K L M N O P Q R S T U V W X
i[31776,31807]:  Y Z A B C D E F G H I J K L M N O P Q R S T U V W X Y Z A B C D
i[31808,31839]:  E F G H I J K L M N O P Q R S T U V W X Y Z A B C D E F G H I J
i[31840,31871]:  K L M N O P Q R S T U V W X Y Z A B C D E F G H I J K L M N O P
i[31872,31903]:  Q R S T U V W X Y Z A B C D E F G H I J K L M N O P Q R S T U V
i[31904,31935]:  W X Y Z A B C D E F G H I J K L M N O P Q R S T U V W X Y Z A B
i[31936,31967]:  C D E F G H I J K L M N O P Q R S T U V W X Y Z A B C D E F G H
i[31968,31999]:  I J K L M N O P Q R S T U V W X Y Z A B C D E F G H I J K L M N
i[32000,32031]:  O P Q R S T U V W X Y Z A B C D E F G H I J K L M N O P Q R S T
i[32032,32063]:  U V W X Y Z A B C D E F G H I J K L M N O P Q R S T U V W X Y Z
i[32064,32095]:  A B C D E F G H I J K L M N O P Q R S T U V W X Y Z A B C D E F
i[32096,32127]:  G H I J K L M N O P Q R S T U V W X Y Z A B C D E F G H I J K L
i[32128,32159]:  M N O P Q R S T U V W X Y Z A B C D E F G H I J K L M N O P Q R
i[32160,32191]:  S T U V W X Y Z A B C D E F G H I J K L M N O P Q R S T U V W X
i[32192,32223]:  Y Z A B C D E F G H I J K L M N O P Q R S T U V W X Y Z A B C D
i[32224,32255]:  E F G H I J K L M N O P Q R S T U V W X Y Z A B C D E F G H I J
i[32256,32287]:  K L M N O P Q R S T U V W X Y Z A B C D E F G H I J K L M N O P
i[32288,32319]:  Q R S T U V W X Y Z A B C D E F G H I J K L M N O P Q R S T U V
i[32320,32351]:  W X Y Z A B C D E F G H I J K L M N O P Q R S T U V W X Y Z A B
i[32352,32383]:  C D E F G H I J K L M N O P Q R S T U V W X Y Z A B C D E F G H
i[32384,32415]:  I J K L M N O P Q R S T U V W X Y Z A B C D E F G H I J K L M N
i[32416,32447]:  O P Q R S T U V W X Y Z A B C D E F G H I J K L M N O P Q R S T
i[32448,32479]:  U V W X Y Z A B C D E F G H I J K L M N O P Q R S T U V W X Y Z
i[32480,32511]:  A B C D E F G H I J K L M N O P Q R S T U V W X Y Z A B C D E F
i[32512,32543]:  G H I J K L M N O P Q R S T U V W X Y Z A B C D E F G H I J K L
i[32544,32575]:  M N O P Q R S T U V W X Y Z A B C D E F G H I J K L M N O P Q R
i[32576,32607]:  S T U V W X Y Z A B C D E F G H I J K L M N O P Q R S T U V W X
i[32608,32639]:  Y Z A B C D E F G H I J K L M N O P Q R S T U V W X Y Z A B C D
i[32640,32671]:  E F G H I J K L M N O P Q R S T U V W X Y Z A B C D E F G H I J
i[32672,32703]:  K L M N O P Q R S T U V W X Y Z A B C D E F G H I J K L M N O P
i[32704,32735]:  Q R S T U V W X Y Z A B C D E F G H I J K L M N O P Q R S T U V
i[32736,32767]:  W X Y Z A B C D E F G H I J K L M N O P Q R S T U V W X Y Z A B
** NVM_BUF_PR - END **
