NVM Virtual Block (nvm_vblk_*) -- Ver { major(0), minor(1), patch(4) }

Erase, write, and read virtual blocks

Usage:
 nvm_vblk        erase dev_path 0xADDR [-h] [-v]
 nvm_vblk        write dev_path 0xADDR [-h] [-v] [-i FILE]
 nvm_vblk         read dev_path 0xADDR [-h] [-v] [-o FILE]
 nvm_vblk          pad dev_path 0xADDR [-h] [-v]
 nvm_vblk         copy dev_path 0xSRC 0xDST [-h] [-v]
 nvm_vblk    set_erase dev_path 0xADDR [0xADDR...] [-h] [-v]
 nvm_vblk    set_write dev_path 0xADDR [0xADDR...] [-h] [-v] [-i FILE]
 nvm_vblk     set_read dev_path 0xADDR [0xADDR...] [-h] [-v] [-o FILE]
 nvm_vblk      set_pad dev_path 0xADDR [0xADDR...] [-h] [-v]
 nvm_vblk   line_erase dev_path ch_bgn ch_end lun_bgn lun_end blk [-h] [-v]
 nvm_vblk   line_write dev_path ch_bgn ch_end lun_bgn lun_end blk [-h] [-v] [-i FILE]
 nvm_vblk    line_read dev_path ch_bgn ch_end lun_bgn lun_end blk [-h] [-v] [-o FILE]
 nvm_vblk   line_pread dev_path ch_bgn ch_end lun_bgn lun_end blk count offset [-h] [-v] [-o FILE]
 nvm_vblk     line_pad dev_path ch_bgn ch_end lun_bgn lun_end blk [-h] [-v]

Options:
 -h       Print usage
 -v       Dump CLI state to stdout
 -i  FILE Path to input file
 -o  FILE Path to output file

See: http://lightnvm.io/liblightnvm/cli/ for usage examples
